{"D:\\Projects\\pumpcult\\GymPartnerApp\\src\\index.ts": {"path":"D:\\Projects\\pumpcult\\GymPartnerApp\\src\\index.ts","statementMap":{},"fnMap":{},"branchMap":{},"s":{},"f":{},"b":{}}
,"D:\\Projects\\pumpcult\\GymPartnerApp\\src\\setupTests.ts": {"path":"D:\\Projects\\pumpcult\\GymPartnerApp\\src\\setupTests.ts","statementMap":{},"fnMap":{},"branchMap":{},"s":{},"f":{},"b":{}}
,"D:\\Projects\\pumpcult\\GymPartnerApp\\src\\assets\\images\\location-illustration.ts": {"path":"D:\\Projects\\pumpcult\\GymPartnerApp\\src\\assets\\images\\location-illustration.ts","statementMap":{"0":{"start":{"line":2,"column":29},"end":{"line":8,"column":1}}},"fnMap":{},"branchMap":{},"s":{"0":0},"f":{},"b":{}}
,"D:\\Projects\\pumpcult\\GymPartnerApp\\src\\components\\BackgroundImage.tsx": {"path":"D:\\Projects\\pumpcult\\GymPartnerApp\\src\\components\\BackgroundImage.tsx","statementMap":{"0":{"start":{"line":12,"column":63},"end":{"line":67,"column":1}},"1":{"start":{"line":19,"column":36},"end":{"line":19,"column":50}},"2":{"start":{"line":22,"column":25},"end":{"line":22,"column":67}},"3":{"start":{"line":23,"column":17},"end":{"line":23,"column":46}},"4":{"start":{"line":25,"column":2},"end":{"line":66,"column":4}},"5":{"start":{"line":34,"column":29},"end":{"line":34,"column":47}},"6":{"start":{"line":35,"column":27},"end":{"line":35,"column":46}}},"fnMap":{"0":{"name":"(anonymous_0)","decl":{"start":{"line":12,"column":63},"end":{"line":12,"column":64}},"loc":{"start":{"line":17,"column":6},"end":{"line":67,"column":1}},"line":17},"1":{"name":"(anonymous_1)","decl":{"start":{"line":34,"column":23},"end":{"line":34,"column":24}},"loc":{"start":{"line":34,"column":29},"end":{"line":34,"column":47}},"line":34},"2":{"name":"(anonymous_2)","decl":{"start":{"line":35,"column":21},"end":{"line":35,"column":22}},"loc":{"start":{"line":35,"column":27},"end":{"line":35,"column":46}},"line":35}},"branchMap":{"0":{"loc":{"start":{"line":15,"column":2},"end":{"line":15,"column":20}},"type":"default-arg","locations":[{"start":{"line":15,"column":18},"end":{"line":15,"column":20}}],"line":15},"1":{"loc":{"start":{"line":16,"column":2},"end":{"line":16,"column":22}},"type":"default-arg","locations":[{"start":{"line":16,"column":19},"end":{"line":16,"column":22}}],"line":16},"2":{"loc":{"start":{"line":23,"column":17},"end":{"line":23,"column":46}},"type":"binary-expr","locations":[{"start":{"line":23,"column":17},"end":{"line":23,"column":28}},{"start":{"line":23,"column":32},"end":{"line":23,"column":46}}],"line":23},"3":{"loc":{"start":{"line":28,"column":7},"end":{"line":52,"column":7}},"type":"binary-expr","locations":[{"start":{"line":28,"column":7},"end":{"line":28,"column":18}},{"start":{"line":29,"column":8},"end":{"line":51,"column":26}}],"line":28},"4":{"loc":{"start":{"line":44,"column":11},"end":{"line":50,"column":11}},"type":"binary-expr","locations":[{"start":{"line":44,"column":11},"end":{"line":44,"column":32}},{"start":{"line":45,"column":12},"end":{"line":49,"column":14}}],"line":44},"5":{"loc":{"start":{"line":55,"column":7},"end":{"line":59,"column":7}},"type":"binary-expr","locations":[{"start":{"line":55,"column":7},"end":{"line":55,"column":16}},{"start":{"line":55,"column":20},"end":{"line":55,"column":31}},{"start":{"line":56,"column":8},"end":{"line":58,"column":15}}],"line":55}},"s":{"0":0,"1":0,"2":0,"3":0,"4":0,"5":0,"6":0},"f":{"0":0,"1":0,"2":0},"b":{"0":[0],"1":[0],"2":[0,0],"3":[0,0],"4":[0,0],"5":[0,0,0]}}
,"D:\\Projects\\pumpcult\\GymPartnerApp\\src\\components\\Container.tsx": {"path":"D:\\Projects\\pumpcult\\GymPartnerApp\\src\\components\\Container.tsx","statementMap":{"0":{"start":{"line":3,"column":25},"end":{"line":5,"column":1}},"1":{"start":{"line":4,"column":2},"end":{"line":4,"column":78}},"2":{"start":{"line":7,"column":15},"end":{"line":9,"column":1}}},"fnMap":{"0":{"name":"(anonymous_0)","decl":{"start":{"line":3,"column":25},"end":{"line":3,"column":26}},"loc":{"start":{"line":3,"column":74},"end":{"line":5,"column":1}},"line":3}},"branchMap":{},"s":{"0":0,"1":0,"2":0},"f":{"0":0},"b":{}}
,"D:\\Projects\\pumpcult\\GymPartnerApp\\src\\components\\ContinueButton.tsx": {"path":"D:\\Projects\\pumpcult\\GymPartnerApp\\src\\components\\ContinueButton.tsx","statementMap":{"0":{"start":{"line":21,"column":61},"end":{"line":53,"column":1}},"1":{"start":{"line":31,"column":2},"end":{"line":52,"column":4}}},"fnMap":{"0":{"name":"(anonymous_0)","decl":{"start":{"line":21,"column":61},"end":{"line":21,"column":62}},"loc":{"start":{"line":30,"column":6},"end":{"line":53,"column":1}},"line":30}},"branchMap":{"0":{"loc":{"start":{"line":23,"column":2},"end":{"line":23,"column":18}},"type":"default-arg","locations":[{"start":{"line":23,"column":14},"end":{"line":23,"column":18}}],"line":23},"1":{"loc":{"start":{"line":24,"column":2},"end":{"line":24,"column":16}},"type":"default-arg","locations":[{"start":{"line":24,"column":14},"end":{"line":24,"column":16}}],"line":24},"2":{"loc":{"start":{"line":25,"column":2},"end":{"line":25,"column":28}},"type":"default-arg","locations":[{"start":{"line":25,"column":11},"end":{"line":25,"column":28}}],"line":25},"3":{"loc":{"start":{"line":26,"column":2},"end":{"line":26,"column":33}},"type":"default-arg","locations":[{"start":{"line":26,"column":23},"end":{"line":26,"column":33}}],"line":26},"4":{"loc":{"start":{"line":27,"column":2},"end":{"line":27,"column":19}},"type":"default-arg","locations":[{"start":{"line":27,"column":15},"end":{"line":27,"column":19}}],"line":27},"5":{"loc":{"start":{"line":41,"column":10},"end":{"line":41,"column":59}},"type":"cond-expr","locations":[{"start":{"line":41,"column":22},"end":{"line":41,"column":38}},{"start":{"line":41,"column":41},"end":{"line":41,"column":59}}],"line":41}},"s":{"0":2,"1":25},"f":{"0":25},"b":{"0":[0],"1":[0],"2":[25],"3":[25],"4":[25],"5":[10,15]},"_coverageSchema":"1a1c01bbd47fc00a2c39e90264f33305004495a9","hash":"3dd1f816134bb7f7d2ab485f82299b01b21befbb"}
,"D:\\Projects\\pumpcult\\GymPartnerApp\\src\\components\\EditScreenInfo.tsx": {"path":"D:\\Projects\\pumpcult\\GymPartnerApp\\src\\components\\EditScreenInfo.tsx","statementMap":{"0":{"start":{"line":3,"column":30},"end":{"line":19,"column":1}},"1":{"start":{"line":4,"column":16},"end":{"line":4,"column":51}},"2":{"start":{"line":6,"column":4},"end":{"line":6,"column":84}},"3":{"start":{"line":8,"column":2},"end":{"line":18,"column":4}},"4":{"start":{"line":21,"column":15},"end":{"line":29,"column":1}}},"fnMap":{"0":{"name":"(anonymous_0)","decl":{"start":{"line":3,"column":30},"end":{"line":3,"column":31}},"loc":{"start":{"line":3,"column":62},"end":{"line":19,"column":1}},"line":3}},"branchMap":{},"s":{"0":0,"1":0,"2":0,"3":0,"4":0},"f":{"0":0},"b":{}}
,"D:\\Projects\\pumpcult\\GymPartnerApp\\src\\components\\ScreenContent.tsx": {"path":"D:\\Projects\\pumpcult\\GymPartnerApp\\src\\components\\ScreenContent.tsx","statementMap":{"0":{"start":{"line":11,"column":29},"end":{"line":20,"column":1}},"1":{"start":{"line":12,"column":2},"end":{"line":19,"column":4}},"2":{"start":{"line":21,"column":15},"end":{"line":25,"column":1}}},"fnMap":{"0":{"name":"(anonymous_0)","decl":{"start":{"line":11,"column":29},"end":{"line":11,"column":30}},"loc":{"start":{"line":11,"column":80},"end":{"line":20,"column":1}},"line":11}},"branchMap":{},"s":{"0":0,"1":0,"2":0},"f":{"0":0},"b":{}}
,"D:\\Projects\\pumpcult\\GymPartnerApp\\src\\components\\index.ts": {"path":"D:\\Projects\\pumpcult\\GymPartnerApp\\src\\components\\index.ts","statementMap":{},"fnMap":{},"branchMap":{},"s":{},"f":{},"b":{}}
,"D:\\Projects\\pumpcult\\GymPartnerApp\\src\\constants\\colors.ts": {"path":"D:\\Projects\\pumpcult\\GymPartnerApp\\src\\constants\\colors.ts","statementMap":{"0":{"start":{"line":6,"column":22},"end":{"line":44,"column":1}},"1":{"start":{"line":36,"column":4},"end":{"line":41,"column":5}},"2":{"start":{"line":37,"column":16},"end":{"line":37,"column":47}},"3":{"start":{"line":38,"column":16},"end":{"line":38,"column":47}},"4":{"start":{"line":39,"column":16},"end":{"line":39,"column":47}},"5":{"start":{"line":40,"column":6},"end":{"line":40,"column":50}},"6":{"start":{"line":42,"column":4},"end":{"line":42,"column":17}}},"fnMap":{"0":{"name":"(anonymous_0)","decl":{"start":{"line":34,"column":18},"end":{"line":34,"column":19}},"loc":{"start":{"line":34,"column":54},"end":{"line":43,"column":3}},"line":34}},"branchMap":{"0":{"loc":{"start":{"line":36,"column":4},"end":{"line":41,"column":5}},"type":"if","locations":[{"start":{"line":36,"column":4},"end":{"line":41,"column":5}},{"start":{},"end":{}}],"line":36}},"s":{"0":0,"1":0,"2":0,"3":0,"4":0,"5":0,"6":0},"f":{"0":0},"b":{"0":[0,0]}}
,"D:\\Projects\\pumpcult\\GymPartnerApp\\src\\features\\auth\\screens\\EmailScreen.tsx": {"path":"D:\\Projects\\pumpcult\\GymPartnerApp\\src\\features\\auth\\screens\\EmailScreen.tsx","statementMap":{"0":{"start":{"line":11,"column":37},"end":{"line":84,"column":1}},"1":{"start":{"line":12,"column":21},"end":{"line":12,"column":52}},"2":{"start":{"line":13,"column":28},"end":{"line":13,"column":40}},"3":{"start":{"line":15,"column":23},"end":{"line":17,"column":3}},"4":{"start":{"line":16,"column":4},"end":{"line":16,"column":52}},"5":{"start":{"line":18,"column":25},"end":{"line":23,"column":3}},"6":{"start":{"line":19,"column":4},"end":{"line":22,"column":5}},"7":{"start":{"line":20,"column":6},"end":{"line":20,"column":35}},"8":{"start":{"line":21,"column":6},"end":{"line":21,"column":37}},"9":{"start":{"line":25,"column":21},"end":{"line":27,"column":3}},"10":{"start":{"line":26,"column":4},"end":{"line":26,"column":35}},"11":{"start":{"line":29,"column":2},"end":{"line":83,"column":4}}},"fnMap":{"0":{"name":"(anonymous_0)","decl":{"start":{"line":11,"column":37},"end":{"line":11,"column":38}},"loc":{"start":{"line":11,"column":43},"end":{"line":84,"column":1}},"line":11},"1":{"name":"(anonymous_1)","decl":{"start":{"line":15,"column":23},"end":{"line":15,"column":24}},"loc":{"start":{"line":15,"column":42},"end":{"line":17,"column":3}},"line":15},"2":{"name":"(anonymous_2)","decl":{"start":{"line":18,"column":25},"end":{"line":18,"column":26}},"loc":{"start":{"line":18,"column":31},"end":{"line":23,"column":3}},"line":18},"3":{"name":"(anonymous_3)","decl":{"start":{"line":25,"column":21},"end":{"line":25,"column":22}},"loc":{"start":{"line":25,"column":27},"end":{"line":27,"column":3}},"line":25}},"branchMap":{"0":{"loc":{"start":{"line":19,"column":4},"end":{"line":22,"column":5}},"type":"if","locations":[{"start":{"line":19,"column":4},"end":{"line":22,"column":5}},{"start":{},"end":{}}],"line":19},"1":{"loc":{"start":{"line":54,"column":14},"end":{"line":54,"column":66}},"type":"cond-expr","locations":[{"start":{"line":54,"column":22},"end":{"line":54,"column":41}},{"start":{"line":54,"column":44},"end":{"line":54,"column":66}}],"line":54}},"s":{"0":1,"1":7,"2":7,"3":7,"4":8,"5":7,"6":1,"7":1,"8":1,"9":7,"10":1,"11":7},"f":{"0":7,"1":8,"2":1,"3":1},"b":{"0":[1,0],"1":[2,5]},"_coverageSchema":"1a1c01bbd47fc00a2c39e90264f33305004495a9","hash":"c74edd5dad28fe74acecec2b2164d7298c17473b"}
,"D:\\Projects\\pumpcult\\GymPartnerApp\\src\\features\\auth\\screens\\GenderSelectionScreen.tsx": {"path":"D:\\Projects\\pumpcult\\GymPartnerApp\\src\\features\\auth\\screens\\GenderSelectionScreen.tsx","statementMap":{"0":{"start":{"line":13,"column":47},"end":{"line":123,"column":1}},"1":{"start":{"line":14,"column":21},"end":{"line":14,"column":52}},"2":{"start":{"line":15,"column":16},"end":{"line":15,"column":26}},"3":{"start":{"line":16,"column":20},"end":{"line":16,"column":49}},"4":{"start":{"line":17,"column":46},"end":{"line":17,"column":81}},"5":{"start":{"line":18,"column":42},"end":{"line":18,"column":54}},"6":{"start":{"line":20,"column":40},"end":{"line":20,"column":78}},"7":{"start":{"line":20,"column":104},"end":{"line":26,"column":3}},"8":{"start":{"line":21,"column":4},"end":{"line":25,"column":5}},"9":{"start":{"line":22,"column":26},"end":{"line":22,"column":84}},"10":{"start":{"line":23,"column":6},"end":{"line":23,"column":51}},"11":{"start":{"line":24,"column":6},"end":{"line":24,"column":71}},"12":{"start":{"line":28,"column":2},"end":{"line":122,"column":4}},"13":{"start":{"line":53,"column":14},"end":{"line":87,"column":33}},"14":{"start":{"line":61,"column":14},"end":{"line":61,"column":40}},"15":{"start":{"line":62,"column":14},"end":{"line":64,"column":15}},"16":{"start":{"line":63,"column":16},"end":{"line":63,"column":36}}},"fnMap":{"0":{"name":"(anonymous_0)","decl":{"start":{"line":13,"column":47},"end":{"line":13,"column":48}},"loc":{"start":{"line":13,"column":53},"end":{"line":123,"column":1}},"line":13},"1":{"name":"(anonymous_1)","decl":{"start":{"line":20,"column":104},"end":{"line":20,"column":105}},"loc":{"start":{"line":20,"column":110},"end":{"line":26,"column":3}},"line":20},"2":{"name":"(anonymous_2)","decl":{"start":{"line":52,"column":31},"end":{"line":52,"column":32}},"loc":{"start":{"line":53,"column":14},"end":{"line":87,"column":33}},"line":53},"3":{"name":"(anonymous_3)","decl":{"start":{"line":60,"column":21},"end":{"line":60,"column":22}},"loc":{"start":{"line":60,"column":27},"end":{"line":65,"column":13}},"line":60}},"branchMap":{"0":{"loc":{"start":{"line":16,"column":20},"end":{"line":16,"column":49}},"type":"binary-expr","locations":[{"start":{"line":16,"column":20},"end":{"line":16,"column":43}},{"start":{"line":16,"column":47},"end":{"line":16,"column":49}}],"line":16},"1":{"loc":{"start":{"line":21,"column":4},"end":{"line":25,"column":5}},"type":"if","locations":[{"start":{"line":21,"column":4},"end":{"line":25,"column":5}},{"start":{},"end":{}}],"line":21},"2":{"loc":{"start":{"line":22,"column":26},"end":{"line":22,"column":84}},"type":"cond-expr","locations":[{"start":{"line":22,"column":55},"end":{"line":22,"column":67}},{"start":{"line":22,"column":70},"end":{"line":22,"column":84}}],"line":22},"3":{"loc":{"start":{"line":56,"column":14},"end":{"line":58,"column":36}},"type":"cond-expr","locations":[{"start":{"line":57,"column":18},"end":{"line":57,"column":37}},{"start":{"line":58,"column":18},"end":{"line":58,"column":36}}],"line":56},"4":{"loc":{"start":{"line":59,"column":16},"end":{"line":59,"column":64}},"type":"cond-expr","locations":[{"start":{"line":59,"column":53},"end":{"line":59,"column":59}},{"start":{"line":59,"column":62},"end":{"line":59,"column":64}}],"line":59},"5":{"loc":{"start":{"line":62,"column":14},"end":{"line":64,"column":15}},"type":"if","locations":[{"start":{"line":62,"column":14},"end":{"line":64,"column":15}},{"start":{},"end":{}}],"line":62},"6":{"loc":{"start":{"line":69,"column":16},"end":{"line":71,"column":37}},"type":"cond-expr","locations":[{"start":{"line":70,"column":20},"end":{"line":70,"column":38}},{"start":{"line":71,"column":20},"end":{"line":71,"column":37}}],"line":69},"7":{"loc":{"start":{"line":78,"column":16},"end":{"line":80,"column":38}},"type":"cond-expr","locations":[{"start":{"line":79,"column":20},"end":{"line":79,"column":36}},{"start":{"line":80,"column":20},"end":{"line":80,"column":38}}],"line":78},"8":{"loc":{"start":{"line":83,"column":15},"end":{"line":85,"column":15}},"type":"binary-expr","locations":[{"start":{"line":83,"column":15},"end":{"line":83,"column":40}},{"start":{"line":84,"column":16},"end":{"line":84,"column":71}}],"line":83},"9":{"loc":{"start":{"line":92,"column":13},"end":{"line":102,"column":13}},"type":"binary-expr","locations":[{"start":{"line":92,"column":13},"end":{"line":92,"column":39}},{"start":{"line":93,"column":12},"end":{"line":101,"column":14}}],"line":92},"10":{"loc":{"start":{"line":117,"column":21},"end":{"line":117,"column":106}},"type":"binary-expr","locations":[{"start":{"line":117,"column":21},"end":{"line":117,"column":44}},{"start":{"line":117,"column":49},"end":{"line":117,"column":75}},{"start":{"line":117,"column":79},"end":{"line":117,"column":105}}],"line":117}},"s":{"0":0,"1":0,"2":0,"3":0,"4":0,"5":0,"6":0,"7":0,"8":0,"9":0,"10":0,"11":0,"12":0,"13":0,"14":0,"15":0,"16":0},"f":{"0":0,"1":0,"2":0,"3":0},"b":{"0":[0,0],"1":[0,0],"2":[0,0],"3":[0,0],"4":[0,0],"5":[0,0],"6":[0,0],"7":[0,0],"8":[0,0],"9":[0,0],"10":[0,0,0]}}
,"D:\\Projects\\pumpcult\\GymPartnerApp\\src\\features\\auth\\screens\\GenderVisibilityScreen.tsx": {"path":"D:\\Projects\\pumpcult\\GymPartnerApp\\src\\features\\auth\\screens\\GenderVisibilityScreen.tsx","statementMap":{"0":{"start":{"line":11,"column":48},"end":{"line":69,"column":1}},"1":{"start":{"line":12,"column":21},"end":{"line":12,"column":52}},"2":{"start":{"line":13,"column":16},"end":{"line":13,"column":26}},"3":{"start":{"line":14,"column":44},"end":{"line":14,"column":58}},"4":{"start":{"line":15,"column":25},"end":{"line":15,"column":51}},"5":{"start":{"line":16,"column":25},"end":{"line":19,"column":3}},"6":{"start":{"line":17,"column":4},"end":{"line":17,"column":73}},"7":{"start":{"line":18,"column":4},"end":{"line":18,"column":33}},"8":{"start":{"line":21,"column":2},"end":{"line":68,"column":4}}},"fnMap":{"0":{"name":"(anonymous_0)","decl":{"start":{"line":11,"column":48},"end":{"line":11,"column":49}},"loc":{"start":{"line":11,"column":54},"end":{"line":69,"column":1}},"line":11},"1":{"name":"(anonymous_1)","decl":{"start":{"line":16,"column":25},"end":{"line":16,"column":26}},"loc":{"start":{"line":16,"column":31},"end":{"line":19,"column":3}},"line":16}},"branchMap":{"0":{"loc":{"start":{"line":15,"column":25},"end":{"line":15,"column":51}},"type":"binary-expr","locations":[{"start":{"line":15,"column":25},"end":{"line":15,"column":45}},{"start":{"line":15,"column":49},"end":{"line":15,"column":51}}],"line":15}},"s":{"0":0,"1":0,"2":0,"3":0,"4":0,"5":0,"6":0,"7":0,"8":0},"f":{"0":0,"1":0},"b":{"0":[0,0]}}
,"D:\\Projects\\pumpcult\\GymPartnerApp\\src\\features\\auth\\screens\\GymModeScreen.tsx": {"path":"D:\\Projects\\pumpcult\\GymPartnerApp\\src\\features\\auth\\screens\\GymModeScreen.tsx","statementMap":{"0":{"start":{"line":19,"column":39},"end":{"line":134,"column":1}},"1":{"start":{"line":20,"column":21},"end":{"line":20,"column":52}},"2":{"start":{"line":21,"column":42},"end":{"line":21,"column":78}},"3":{"start":{"line":23,"column":36},"end":{"line":39,"column":3}},"4":{"start":{"line":40,"column":25},"end":{"line":45,"column":3}},"5":{"start":{"line":41,"column":4},"end":{"line":44,"column":5}},"6":{"start":{"line":42,"column":6},"end":{"line":42,"column":50}},"7":{"start":{"line":43,"column":6},"end":{"line":43,"column":71}},"8":{"start":{"line":47,"column":2},"end":{"line":133,"column":4}},"9":{"start":{"line":69,"column":4},"end":{"line":111,"column":23}},"10":{"start":{"line":76,"column":21},"end":{"line":76,"column":45}}},"fnMap":{"0":{"name":"(anonymous_0)","decl":{"start":{"line":19,"column":39},"end":{"line":19,"column":40}},"loc":{"start":{"line":19,"column":45},"end":{"line":134,"column":1}},"line":19},"1":{"name":"(anonymous_1)","decl":{"start":{"line":40,"column":25},"end":{"line":40,"column":26}},"loc":{"start":{"line":40,"column":31},"end":{"line":45,"column":3}},"line":40},"2":{"name":"(anonymous_2)","decl":{"start":{"line":68,"column":19},"end":{"line":68,"column":20}},"loc":{"start":{"line":69,"column":4},"end":{"line":111,"column":23}},"line":69},"3":{"name":"(anonymous_3)","decl":{"start":{"line":76,"column":15},"end":{"line":76,"column":16}},"loc":{"start":{"line":76,"column":21},"end":{"line":76,"column":45}},"line":76}},"branchMap":{"0":{"loc":{"start":{"line":41,"column":4},"end":{"line":44,"column":5}},"type":"if","locations":[{"start":{"line":41,"column":4},"end":{"line":44,"column":5}},{"start":{},"end":{}}],"line":41},"1":{"loc":{"start":{"line":72,"column":8},"end":{"line":74,"column":30}},"type":"cond-expr","locations":[{"start":{"line":73,"column":12},"end":{"line":73,"column":28}},{"start":{"line":74,"column":12},"end":{"line":74,"column":30}}],"line":72},"2":{"loc":{"start":{"line":75,"column":10},"end":{"line":75,"column":56}},"type":"cond-expr","locations":[{"start":{"line":75,"column":45},"end":{"line":75,"column":51}},{"start":{"line":75,"column":54},"end":{"line":75,"column":56}}],"line":75},"3":{"loc":{"start":{"line":82,"column":14},"end":{"line":84,"column":35}},"type":"cond-expr","locations":[{"start":{"line":83,"column":18},"end":{"line":83,"column":35}},{"start":{"line":84,"column":18},"end":{"line":84,"column":35}}],"line":82},"4":{"loc":{"start":{"line":91,"column":14},"end":{"line":93,"column":38}},"type":"cond-expr","locations":[{"start":{"line":92,"column":18},"end":{"line":92,"column":38}},{"start":{"line":93,"column":18},"end":{"line":93,"column":38}}],"line":91},"5":{"loc":{"start":{"line":101,"column":12},"end":{"line":103,"column":34}},"type":"cond-expr","locations":[{"start":{"line":102,"column":16},"end":{"line":102,"column":31}},{"start":{"line":103,"column":16},"end":{"line":103,"column":34}}],"line":101},"6":{"loc":{"start":{"line":106,"column":11},"end":{"line":108,"column":11}},"type":"binary-expr","locations":[{"start":{"line":106,"column":11},"end":{"line":106,"column":35}},{"start":{"line":107,"column":12},"end":{"line":107,"column":68}}],"line":106}},"s":{"0":0,"1":0,"2":0,"3":0,"4":0,"5":0,"6":0,"7":0,"8":0,"9":0,"10":0},"f":{"0":0,"1":0,"2":0,"3":0},"b":{"0":[0,0],"1":[0,0],"2":[0,0],"3":[0,0],"4":[0,0],"5":[0,0],"6":[0,0]}}
,"D:\\Projects\\pumpcult\\GymPartnerApp\\src\\features\\auth\\screens\\HeightSelectionScreen.tsx": {"path":"D:\\Projects\\pumpcult\\GymPartnerApp\\src\\features\\auth\\screens\\HeightSelectionScreen.tsx","statementMap":{"0":{"start":{"line":16,"column":20},"end":{"line":16,"column":22}},"1":{"start":{"line":17,"column":22},"end":{"line":17,"column":23}},"2":{"start":{"line":18,"column":22},"end":{"line":18,"column":49}},"3":{"start":{"line":20,"column":47},"end":{"line":169,"column":1}},"4":{"start":{"line":21,"column":21},"end":{"line":21,"column":52}},"5":{"start":{"line":22,"column":46},"end":{"line":22,"column":66}},"6":{"start":{"line":23,"column":22},"end":{"line":23,"column":44}},"7":{"start":{"line":25,"column":32},"end":{"line":38,"column":3}},"8":{"start":{"line":26,"column":36},"end":{"line":26,"column":38}},"9":{"start":{"line":27,"column":4},"end":{"line":36,"column":5}},"10":{"start":{"line":27,"column":20},"end":{"line":27,"column":21}},"11":{"start":{"line":28,"column":6},"end":{"line":35,"column":7}},"12":{"start":{"line":28,"column":24},"end":{"line":28,"column":25}},"13":{"start":{"line":29,"column":8},"end":{"line":29,"column":44}},"14":{"start":{"line":29,"column":38},"end":{"line":29,"column":44}},"15":{"start":{"line":30,"column":29},"end":{"line":30,"column":50}},"16":{"start":{"line":31,"column":8},"end":{"line":34,"column":11}},"17":{"start":{"line":37,"column":4},"end":{"line":37,"column":19}},"18":{"start":{"line":40,"column":24},"end":{"line":40,"column":47}},"19":{"start":{"line":41,"column":23},"end":{"line":41,"column":73}},"20":{"start":{"line":41,"column":52},"end":{"line":41,"column":72}},"21":{"start":{"line":43,"column":2},"end":{"line":52,"column":9}},"22":{"start":{"line":44,"column":4},"end":{"line":51,"column":12}},"23":{"start":{"line":45,"column":6},"end":{"line":49,"column":9}},"24":{"start":{"line":50,"column":6},"end":{"line":50,"column":59}},"25":{"start":{"line":54,"column":25},"end":{"line":58,"column":3}},"26":{"start":{"line":55,"column":4},"end":{"line":57,"column":5}},"27":{"start":{"line":56,"column":6},"end":{"line":56,"column":48}},"28":{"start":{"line":60,"column":21},"end":{"line":62,"column":3}},"29":{"start":{"line":61,"column":4},"end":{"line":61,"column":46}},"30":{"start":{"line":64,"column":29},"end":{"line":76,"column":3}},"31":{"start":{"line":65,"column":4},"end":{"line":75,"column":11}},"32":{"start":{"line":78,"column":19},"end":{"line":84,"column":3}},"33":{"start":{"line":79,"column":20},"end":{"line":79,"column":53}},"34":{"start":{"line":80,"column":18},"end":{"line":80,"column":51}},"35":{"start":{"line":81,"column":4},"end":{"line":83,"column":5}},"36":{"start":{"line":82,"column":6},"end":{"line":82,"column":52}},"37":{"start":{"line":86,"column":2},"end":{"line":168,"column":4}},"38":{"start":{"line":128,"column":38},"end":{"line":128,"column":48}},"39":{"start":{"line":134,"column":47},"end":{"line":138,"column":15}}},"fnMap":{"0":{"name":"(anonymous_0)","decl":{"start":{"line":20,"column":47},"end":{"line":20,"column":48}},"loc":{"start":{"line":20,"column":53},"end":{"line":169,"column":1}},"line":20},"1":{"name":"(anonymous_1)","decl":{"start":{"line":25,"column":32},"end":{"line":25,"column":33}},"loc":{"start":{"line":25,"column":54},"end":{"line":38,"column":3}},"line":25},"2":{"name":"(anonymous_2)","decl":{"start":{"line":41,"column":47},"end":{"line":41,"column":48}},"loc":{"start":{"line":41,"column":52},"end":{"line":41,"column":72}},"line":41},"3":{"name":"(anonymous_3)","decl":{"start":{"line":43,"column":12},"end":{"line":43,"column":13}},"loc":{"start":{"line":43,"column":18},"end":{"line":52,"column":3}},"line":43},"4":{"name":"(anonymous_4)","decl":{"start":{"line":44,"column":15},"end":{"line":44,"column":16}},"loc":{"start":{"line":44,"column":21},"end":{"line":51,"column":5}},"line":44},"5":{"name":"(anonymous_5)","decl":{"start":{"line":54,"column":25},"end":{"line":54,"column":26}},"loc":{"start":{"line":54,"column":31},"end":{"line":58,"column":3}},"line":54},"6":{"name":"(anonymous_6)","decl":{"start":{"line":60,"column":21},"end":{"line":60,"column":22}},"loc":{"start":{"line":60,"column":27},"end":{"line":62,"column":3}},"line":60},"7":{"name":"(anonymous_7)","decl":{"start":{"line":64,"column":29},"end":{"line":64,"column":30}},"loc":{"start":{"line":65,"column":4},"end":{"line":75,"column":11}},"line":65},"8":{"name":"(anonymous_8)","decl":{"start":{"line":78,"column":19},"end":{"line":78,"column":20}},"loc":{"start":{"line":78,"column":71},"end":{"line":84,"column":3}},"line":78},"9":{"name":"(anonymous_9)","decl":{"start":{"line":128,"column":28},"end":{"line":128,"column":29}},"loc":{"start":{"line":128,"column":38},"end":{"line":128,"column":48}},"line":128},"10":{"name":"(anonymous_10)","decl":{"start":{"line":134,"column":29},"end":{"line":134,"column":30}},"loc":{"start":{"line":134,"column":47},"end":{"line":138,"column":15}},"line":134}},"branchMap":{"0":{"loc":{"start":{"line":29,"column":8},"end":{"line":29,"column":44}},"type":"if","locations":[{"start":{"line":29,"column":8},"end":{"line":29,"column":44}},{"start":{},"end":{}}],"line":29},"1":{"loc":{"start":{"line":29,"column":12},"end":{"line":29,"column":36}},"type":"binary-expr","locations":[{"start":{"line":29,"column":12},"end":{"line":29,"column":22}},{"start":{"line":29,"column":26},"end":{"line":29,"column":36}}],"line":29},"2":{"loc":{"start":{"line":55,"column":4},"end":{"line":57,"column":5}},"type":"if","locations":[{"start":{"line":55,"column":4},"end":{"line":57,"column":5}},{"start":{},"end":{}}],"line":55},"3":{"loc":{"start":{"line":68,"column":10},"end":{"line":70,"column":34}},"type":"cond-expr","locations":[{"start":{"line":69,"column":14},"end":{"line":69,"column":45}},{"start":{"line":70,"column":14},"end":{"line":70,"column":34}}],"line":68},"4":{"loc":{"start":{"line":81,"column":4},"end":{"line":83,"column":5}},"type":"if","locations":[{"start":{"line":81,"column":4},"end":{"line":83,"column":5}},{"start":{},"end":{}}],"line":81},"5":{"loc":{"start":{"line":81,"column":8},"end":{"line":81,"column":77}},"type":"binary-expr","locations":[{"start":{"line":81,"column":8},"end":{"line":81,"column":28}},{"start":{"line":81,"column":32},"end":{"line":81,"column":77}}],"line":81}},"s":{"0":0,"1":0,"2":0,"3":0,"4":0,"5":0,"6":0,"7":0,"8":0,"9":0,"10":0,"11":0,"12":0,"13":0,"14":0,"15":0,"16":0,"17":0,"18":0,"19":0,"20":0,"21":0,"22":0,"23":0,"24":0,"25":0,"26":0,"27":0,"28":0,"29":0,"30":0,"31":0,"32":0,"33":0,"34":0,"35":0,"36":0,"37":0,"38":0,"39":0},"f":{"0":0,"1":0,"2":0,"3":0,"4":0,"5":0,"6":0,"7":0,"8":0,"9":0,"10":0},"b":{"0":[0,0],"1":[0,0],"2":[0,0],"3":[0,0],"4":[0,0],"5":[0,0]}}
,"D:\\Projects\\pumpcult\\GymPartnerApp\\src\\features\\auth\\screens\\InterestsSelectionScreen.tsx": {"path":"D:\\Projects\\pumpcult\\GymPartnerApp\\src\\features\\auth\\screens\\InterestsSelectionScreen.tsx","statementMap":{"0":{"start":{"line":23,"column":50},"end":{"line":180,"column":1}},"1":{"start":{"line":24,"column":21},"end":{"line":24,"column":52}},"2":{"start":{"line":25,"column":40},"end":{"line":25,"column":52}},"3":{"start":{"line":26,"column":52},"end":{"line":26,"column":84}},"4":{"start":{"line":28,"column":32},"end":{"line":54,"column":3}},"5":{"start":{"line":56,"column":28},"end":{"line":61,"column":19}},"6":{"start":{"line":57,"column":18},"end":{"line":57,"column":43}},"7":{"start":{"line":58,"column":4},"end":{"line":60,"column":6}},"8":{"start":{"line":59,"column":18},"end":{"line":59,"column":62}},"9":{"start":{"line":63,"column":25},"end":{"line":71,"column":3}},"10":{"start":{"line":64,"column":24},"end":{"line":64,"column":50}},"11":{"start":{"line":65,"column":4},"end":{"line":69,"column":5}},"12":{"start":{"line":66,"column":6},"end":{"line":66,"column":29}},"13":{"start":{"line":67,"column":11},"end":{"line":69,"column":5}},"14":{"start":{"line":68,"column":6},"end":{"line":68,"column":26}},"15":{"start":{"line":70,"column":4},"end":{"line":70,"column":38}},"16":{"start":{"line":73,"column":25},"end":{"line":82,"column":3}},"17":{"start":{"line":74,"column":4},"end":{"line":81,"column":5}},"18":{"start":{"line":75,"column":36},"end":{"line":77,"column":7}},"19":{"start":{"line":76,"column":14},"end":{"line":76,"column":61}},"20":{"start":{"line":76,"column":41},"end":{"line":76,"column":59}},"21":{"start":{"line":78,"column":6},"end":{"line":78,"column":64}},"22":{"start":{"line":80,"column":6},"end":{"line":80,"column":47}},"23":{"start":{"line":84,"column":21},"end":{"line":86,"column":3}},"24":{"start":{"line":85,"column":4},"end":{"line":85,"column":45}},"25":{"start":{"line":88,"column":2},"end":{"line":179,"column":4}},"26":{"start":{"line":134,"column":14},"end":{"line":153,"column":33}},"27":{"start":{"line":136,"column":31},"end":{"line":136,"column":58}}},"fnMap":{"0":{"name":"(anonymous_0)","decl":{"start":{"line":23,"column":50},"end":{"line":23,"column":51}},"loc":{"start":{"line":23,"column":56},"end":{"line":180,"column":1}},"line":23},"1":{"name":"(anonymous_1)","decl":{"start":{"line":56,"column":36},"end":{"line":56,"column":37}},"loc":{"start":{"line":56,"column":42},"end":{"line":61,"column":3}},"line":56},"2":{"name":"(anonymous_2)","decl":{"start":{"line":59,"column":6},"end":{"line":59,"column":7}},"loc":{"start":{"line":59,"column":18},"end":{"line":59,"column":62}},"line":59},"3":{"name":"(anonymous_3)","decl":{"start":{"line":63,"column":25},"end":{"line":63,"column":26}},"loc":{"start":{"line":63,"column":41},"end":{"line":71,"column":3}},"line":63},"4":{"name":"(anonymous_4)","decl":{"start":{"line":73,"column":25},"end":{"line":73,"column":26}},"loc":{"start":{"line":73,"column":31},"end":{"line":82,"column":3}},"line":73},"5":{"name":"(anonymous_5)","decl":{"start":{"line":76,"column":8},"end":{"line":76,"column":9}},"loc":{"start":{"line":76,"column":14},"end":{"line":76,"column":61}},"line":76},"6":{"name":"(anonymous_6)","decl":{"start":{"line":76,"column":29},"end":{"line":76,"column":30}},"loc":{"start":{"line":76,"column":41},"end":{"line":76,"column":59}},"line":76},"7":{"name":"(anonymous_7)","decl":{"start":{"line":84,"column":21},"end":{"line":84,"column":22}},"loc":{"start":{"line":84,"column":27},"end":{"line":86,"column":3}},"line":84},"8":{"name":"(anonymous_8)","decl":{"start":{"line":133,"column":35},"end":{"line":133,"column":36}},"loc":{"start":{"line":134,"column":14},"end":{"line":153,"column":33}},"line":134},"9":{"name":"(anonymous_9)","decl":{"start":{"line":136,"column":25},"end":{"line":136,"column":26}},"loc":{"start":{"line":136,"column":31},"end":{"line":136,"column":58}},"line":136}},"branchMap":{"0":{"loc":{"start":{"line":65,"column":4},"end":{"line":69,"column":5}},"type":"if","locations":[{"start":{"line":65,"column":4},"end":{"line":69,"column":5}},{"start":{"line":67,"column":11},"end":{"line":69,"column":5}}],"line":65},"1":{"loc":{"start":{"line":67,"column":11},"end":{"line":69,"column":5}},"type":"if","locations":[{"start":{"line":67,"column":11},"end":{"line":69,"column":5}},{"start":{},"end":{}}],"line":67},"2":{"loc":{"start":{"line":74,"column":4},"end":{"line":81,"column":5}},"type":"if","locations":[{"start":{"line":74,"column":4},"end":{"line":81,"column":5}},{"start":{},"end":{}}],"line":74},"3":{"loc":{"start":{"line":138,"column":18},"end":{"line":140,"column":44}},"type":"cond-expr","locations":[{"start":{"line":139,"column":22},"end":{"line":139,"column":60}},{"start":{"line":140,"column":22},"end":{"line":140,"column":44}}],"line":138},"4":{"loc":{"start":{"line":146,"column":20},"end":{"line":148,"column":41}},"type":"cond-expr","locations":[{"start":{"line":147,"column":24},"end":{"line":147,"column":56}},{"start":{"line":148,"column":24},"end":{"line":148,"column":41}}],"line":146}},"s":{"0":1,"1":18,"2":18,"3":18,"4":18,"5":18,"6":8,"7":8,"8":200,"9":18,"10":10,"11":10,"12":1,"13":9,"14":8,"15":10,"16":18,"17":1,"18":1,"19":1,"20":2,"21":1,"22":1,"23":18,"24":1,"25":18,"26":426,"27":10},"f":{"0":18,"1":8,"2":200,"3":10,"4":1,"5":1,"6":2,"7":1,"8":426,"9":10},"b":{"0":[1,9],"1":[8,1],"2":[1,0],"3":[23,403],"4":[23,403]},"_coverageSchema":"1a1c01bbd47fc00a2c39e90264f33305004495a9","hash":"3ca000d5b2a196cf9eed88b1dcce9c7361c0088c"}
,"D:\\Projects\\pumpcult\\GymPartnerApp\\src\\features\\auth\\screens\\OtpVerificationScreen.tsx": {"path":"D:\\Projects\\pumpcult\\GymPartnerApp\\src\\features\\auth\\screens\\OtpVerificationScreen.tsx","statementMap":{"0":{"start":{"line":19,"column":19},"end":{"line":19,"column":20}},"1":{"start":{"line":21,"column":47},"end":{"line":145,"column":1}},"2":{"start":{"line":22,"column":21},"end":{"line":22,"column":52}},"3":{"start":{"line":23,"column":16},"end":{"line":23,"column":58}},"4":{"start":{"line":24,"column":26},"end":{"line":24,"column":38}},"5":{"start":{"line":26,"column":24},"end":{"line":26,"column":70}},"6":{"start":{"line":27,"column":28},"end":{"line":27,"column":40}},"7":{"start":{"line":28,"column":20},"end":{"line":28,"column":81}},"8":{"start":{"line":30,"column":2},"end":{"line":36,"column":9}},"9":{"start":{"line":31,"column":21},"end":{"line":33,"column":12}},"10":{"start":{"line":32,"column":6},"end":{"line":32,"column":67}},"11":{"start":{"line":32,"column":31},"end":{"line":32,"column":64}},"12":{"start":{"line":35,"column":4},"end":{"line":35,"column":41}},"13":{"start":{"line":35,"column":17},"end":{"line":35,"column":40}},"14":{"start":{"line":38,"column":26},"end":{"line":47,"column":3}},"15":{"start":{"line":39,"column":19},"end":{"line":39,"column":27}},"16":{"start":{"line":40,"column":4},"end":{"line":40,"column":26}},"17":{"start":{"line":41,"column":4},"end":{"line":41,"column":19}},"18":{"start":{"line":44,"column":4},"end":{"line":46,"column":5}},"19":{"start":{"line":45,"column":6},"end":{"line":45,"column":44}},"20":{"start":{"line":49,"column":25},"end":{"line":54,"column":3}},"21":{"start":{"line":51,"column":4},"end":{"line":53,"column":5}},"22":{"start":{"line":52,"column":6},"end":{"line":52,"column":44}},"23":{"start":{"line":56,"column":27},"end":{"line":60,"column":3}},"24":{"start":{"line":57,"column":4},"end":{"line":57,"column":17}},"25":{"start":{"line":59,"column":4},"end":{"line":59,"column":51}},"26":{"start":{"line":62,"column":23},"end":{"line":68,"column":3}},"27":{"start":{"line":63,"column":22},"end":{"line":63,"column":34}},"28":{"start":{"line":64,"column":4},"end":{"line":64,"column":45}},"29":{"start":{"line":67,"column":4},"end":{"line":67,"column":46}},"30":{"start":{"line":70,"column":28},"end":{"line":73,"column":3}},"31":{"start":{"line":72,"column":4},"end":{"line":72,"column":64}},"32":{"start":{"line":75,"column":2},"end":{"line":144,"column":4}},"33":{"start":{"line":85,"column":27},"end":{"line":85,"column":46}},"34":{"start":{"line":101,"column":14},"end":{"line":110,"column":16}},"35":{"start":{"line":103,"column":30},"end":{"line":103,"column":60}},"36":{"start":{"line":108,"column":41},"end":{"line":108,"column":70}},"37":{"start":{"line":109,"column":35},"end":{"line":109,"column":59}},"38":{"start":{"line":131,"column":35},"end":{"line":131,"column":40}},"39":{"start":{"line":134,"column":44},"end":{"line":134,"column":49}}},"fnMap":{"0":{"name":"(anonymous_0)","decl":{"start":{"line":21,"column":47},"end":{"line":21,"column":48}},"loc":{"start":{"line":21,"column":53},"end":{"line":145,"column":1}},"line":21},"1":{"name":"(anonymous_1)","decl":{"start":{"line":30,"column":12},"end":{"line":30,"column":13}},"loc":{"start":{"line":30,"column":18},"end":{"line":36,"column":3}},"line":30},"2":{"name":"(anonymous_2)","decl":{"start":{"line":31,"column":33},"end":{"line":31,"column":34}},"loc":{"start":{"line":31,"column":39},"end":{"line":33,"column":5}},"line":31},"3":{"name":"(anonymous_3)","decl":{"start":{"line":32,"column":15},"end":{"line":32,"column":16}},"loc":{"start":{"line":32,"column":31},"end":{"line":32,"column":64}},"line":32},"4":{"name":"(anonymous_4)","decl":{"start":{"line":35,"column":11},"end":{"line":35,"column":12}},"loc":{"start":{"line":35,"column":17},"end":{"line":35,"column":40}},"line":35},"5":{"name":"(anonymous_5)","decl":{"start":{"line":38,"column":26},"end":{"line":38,"column":27}},"loc":{"start":{"line":38,"column":60},"end":{"line":47,"column":3}},"line":38},"6":{"name":"(anonymous_6)","decl":{"start":{"line":49,"column":25},"end":{"line":49,"column":26}},"loc":{"start":{"line":49,"column":52},"end":{"line":54,"column":3}},"line":49},"7":{"name":"(anonymous_7)","decl":{"start":{"line":56,"column":27},"end":{"line":56,"column":28}},"loc":{"start":{"line":56,"column":33},"end":{"line":60,"column":3}},"line":56},"8":{"name":"(anonymous_8)","decl":{"start":{"line":62,"column":23},"end":{"line":62,"column":24}},"loc":{"start":{"line":62,"column":29},"end":{"line":68,"column":3}},"line":62},"9":{"name":"(anonymous_9)","decl":{"start":{"line":70,"column":28},"end":{"line":70,"column":29}},"loc":{"start":{"line":70,"column":47},"end":{"line":73,"column":3}},"line":70},"10":{"name":"(anonymous_10)","decl":{"start":{"line":85,"column":21},"end":{"line":85,"column":22}},"loc":{"start":{"line":85,"column":27},"end":{"line":85,"column":46}},"line":85},"11":{"name":"(anonymous_11)","decl":{"start":{"line":100,"column":46},"end":{"line":100,"column":47}},"loc":{"start":{"line":101,"column":14},"end":{"line":110,"column":16}},"line":101},"12":{"name":"(anonymous_12)","decl":{"start":{"line":103,"column":21},"end":{"line":103,"column":22}},"loc":{"start":{"line":103,"column":30},"end":{"line":103,"column":60}},"line":103},"13":{"name":"(anonymous_13)","decl":{"start":{"line":108,"column":30},"end":{"line":108,"column":31}},"loc":{"start":{"line":108,"column":41},"end":{"line":108,"column":70}},"line":108},"14":{"name":"(anonymous_14)","decl":{"start":{"line":109,"column":28},"end":{"line":109,"column":29}},"loc":{"start":{"line":109,"column":35},"end":{"line":109,"column":59}},"line":109},"15":{"name":"(anonymous_15)","decl":{"start":{"line":131,"column":26},"end":{"line":131,"column":27}},"loc":{"start":{"line":131,"column":35},"end":{"line":131,"column":40}},"line":131},"16":{"name":"(anonymous_16)","decl":{"start":{"line":134,"column":35},"end":{"line":134,"column":36}},"loc":{"start":{"line":134,"column":44},"end":{"line":134,"column":49}},"line":134}},"branchMap":{"0":{"loc":{"start":{"line":32,"column":31},"end":{"line":32,"column":64}},"type":"cond-expr","locations":[{"start":{"line":32,"column":47},"end":{"line":32,"column":60}},{"start":{"line":32,"column":63},"end":{"line":32,"column":64}}],"line":32},"1":{"loc":{"start":{"line":44,"column":4},"end":{"line":46,"column":5}},"type":"if","locations":[{"start":{"line":44,"column":4},"end":{"line":46,"column":5}},{"start":{},"end":{}}],"line":44},"2":{"loc":{"start":{"line":44,"column":8},"end":{"line":44,"column":39}},"type":"binary-expr","locations":[{"start":{"line":44,"column":8},"end":{"line":44,"column":13}},{"start":{"line":44,"column":17},"end":{"line":44,"column":39}}],"line":44},"3":{"loc":{"start":{"line":51,"column":4},"end":{"line":53,"column":5}},"type":"if","locations":[{"start":{"line":51,"column":4},"end":{"line":53,"column":5}},{"start":{},"end":{}}],"line":51},"4":{"loc":{"start":{"line":51,"column":8},"end":{"line":51,"column":69}},"type":"binary-expr","locations":[{"start":{"line":51,"column":8},"end":{"line":51,"column":41}},{"start":{"line":51,"column":45},"end":{"line":51,"column":56}},{"start":{"line":51,"column":60},"end":{"line":51,"column":69}}],"line":51},"5":{"loc":{"start":{"line":77,"column":16},"end":{"line":77,"column":60}},"type":"cond-expr","locations":[{"start":{"line":77,"column":40},"end":{"line":77,"column":49}},{"start":{"line":77,"column":52},"end":{"line":77,"column":60}}],"line":77},"6":{"loc":{"start":{"line":120,"column":40},"end":{"line":120,"column":93}},"type":"cond-expr","locations":[{"start":{"line":120,"column":52},"end":{"line":120,"column":72}},{"start":{"line":120,"column":75},"end":{"line":120,"column":93}}],"line":120},"7":{"loc":{"start":{"line":121,"column":15},"end":{"line":123,"column":31}},"type":"cond-expr","locations":[{"start":{"line":122,"column":18},"end":{"line":122,"column":44}},{"start":{"line":123,"column":18},"end":{"line":123,"column":31}}],"line":121},"8":{"loc":{"start":{"line":131,"column":16},"end":{"line":131,"column":81}},"type":"cond-expr","locations":[{"start":{"line":131,"column":44},"end":{"line":131,"column":60}},{"start":{"line":131,"column":63},"end":{"line":131,"column":81}}],"line":131}},"s":{"0":0,"1":0,"2":0,"3":0,"4":0,"5":0,"6":0,"7":0,"8":0,"9":0,"10":0,"11":0,"12":0,"13":0,"14":0,"15":0,"16":0,"17":0,"18":0,"19":0,"20":0,"21":0,"22":0,"23":0,"24":0,"25":0,"26":0,"27":0,"28":0,"29":0,"30":0,"31":0,"32":0,"33":0,"34":0,"35":0,"36":0,"37":0,"38":0,"39":0},"f":{"0":0,"1":0,"2":0,"3":0,"4":0,"5":0,"6":0,"7":0,"8":0,"9":0,"10":0,"11":0,"12":0,"13":0,"14":0,"15":0,"16":0},"b":{"0":[0,0],"1":[0,0],"2":[0,0],"3":[0,0],"4":[0,0,0],"5":[0,0],"6":[0,0],"7":[0,0],"8":[0,0]}}
,"D:\\Projects\\pumpcult\\GymPartnerApp\\src\\features\\auth\\screens\\PersonalQuestionsScreen.tsx": {"path":"D:\\Projects\\pumpcult\\GymPartnerApp\\src\\features\\auth\\screens\\PersonalQuestionsScreen.tsx","statementMap":{"0":{"start":{"line":28,"column":49},"end":{"line":277,"column":1}},"1":{"start":{"line":29,"column":21},"end":{"line":29,"column":52}},"2":{"start":{"line":30,"column":46},"end":{"line":30,"column":75}},"3":{"start":{"line":31,"column":50},"end":{"line":31,"column":79}},"4":{"start":{"line":32,"column":32},"end":{"line":32,"column":68}},"5":{"start":{"line":33,"column":44},"end":{"line":33,"column":56}},"6":{"start":{"line":34,"column":42},"end":{"line":34,"column":57}},"7":{"start":{"line":35,"column":27},"end":{"line":35,"column":58}},"8":{"start":{"line":36,"column":23},"end":{"line":36,"column":54}},"9":{"start":{"line":38,"column":21},"end":{"line":43,"column":3}},"10":{"start":{"line":45,"column":32},"end":{"line":54,"column":3}},"11":{"start":{"line":56,"column":30},"end":{"line":65,"column":3}},"12":{"start":{"line":57,"column":4},"end":{"line":57,"column":36}},"13":{"start":{"line":58,"column":4},"end":{"line":58,"column":48}},"14":{"start":{"line":59,"column":4},"end":{"line":59,"column":26}},"15":{"start":{"line":60,"column":4},"end":{"line":64,"column":15}},"16":{"start":{"line":67,"column":29},"end":{"line":84,"column":3}},"17":{"start":{"line":68,"column":4},"end":{"line":83,"column":5}},"18":{"start":{"line":69,"column":6},"end":{"line":72,"column":10}},"19":{"start":{"line":69,"column":26},"end":{"line":72,"column":7}},"20":{"start":{"line":73,"column":6},"end":{"line":81,"column":9}},"21":{"start":{"line":78,"column":8},"end":{"line":78,"column":31}},"22":{"start":{"line":79,"column":8},"end":{"line":79,"column":34}},"23":{"start":{"line":80,"column":8},"end":{"line":80,"column":29}},"24":{"start":{"line":82,"column":6},"end":{"line":82,"column":25}},"25":{"start":{"line":86,"column":29},"end":{"line":97,"column":3}},"26":{"start":{"line":87,"column":4},"end":{"line":95,"column":7}},"27":{"start":{"line":92,"column":6},"end":{"line":92,"column":29}},"28":{"start":{"line":93,"column":6},"end":{"line":93,"column":32}},"29":{"start":{"line":94,"column":6},"end":{"line":94,"column":27}},"30":{"start":{"line":96,"column":4},"end":{"line":96,"column":23}},"31":{"start":{"line":99,"column":25},"end":{"line":107,"column":3}},"32":{"start":{"line":100,"column":4},"end":{"line":106,"column":5}},"33":{"start":{"line":101,"column":32},"end":{"line":103,"column":52}},"34":{"start":{"line":102,"column":21},"end":{"line":102,"column":34}},"35":{"start":{"line":103,"column":19},"end":{"line":103,"column":50}},"36":{"start":{"line":104,"column":6},"end":{"line":104,"column":60}},"37":{"start":{"line":105,"column":6},"end":{"line":105,"column":36}},"38":{"start":{"line":109,"column":21},"end":{"line":111,"column":3}},"39":{"start":{"line":110,"column":4},"end":{"line":110,"column":34}},"40":{"start":{"line":113,"column":25},"end":{"line":131,"column":3}},"41":{"start":{"line":114,"column":4},"end":{"line":130,"column":23}},"42":{"start":{"line":116,"column":21},"end":{"line":116,"column":53}},"43":{"start":{"line":133,"column":2},"end":{"line":276,"column":4}},"44":{"start":{"line":160,"column":14},"end":{"line":177,"column":33}},"45":{"start":{"line":162,"column":31},"end":{"line":162,"column":61}},"46":{"start":{"line":186,"column":27},"end":{"line":186,"column":56}},"47":{"start":{"line":222,"column":39},"end":{"line":222,"column":64}}},"fnMap":{"0":{"name":"(anonymous_0)","decl":{"start":{"line":28,"column":49},"end":{"line":28,"column":50}},"loc":{"start":{"line":28,"column":55},"end":{"line":277,"column":1}},"line":28},"1":{"name":"(anonymous_1)","decl":{"start":{"line":56,"column":30},"end":{"line":56,"column":31}},"loc":{"start":{"line":56,"column":54},"end":{"line":65,"column":3}},"line":56},"2":{"name":"(anonymous_2)","decl":{"start":{"line":67,"column":29},"end":{"line":67,"column":30}},"loc":{"start":{"line":67,"column":35},"end":{"line":84,"column":3}},"line":67},"3":{"name":"(anonymous_3)","decl":{"start":{"line":69,"column":17},"end":{"line":69,"column":18}},"loc":{"start":{"line":69,"column":26},"end":{"line":72,"column":7}},"line":69},"4":{"name":"(anonymous_4)","decl":{"start":{"line":77,"column":15},"end":{"line":77,"column":16}},"loc":{"start":{"line":77,"column":21},"end":{"line":81,"column":7}},"line":77},"5":{"name":"(anonymous_5)","decl":{"start":{"line":86,"column":29},"end":{"line":86,"column":30}},"loc":{"start":{"line":86,"column":35},"end":{"line":97,"column":3}},"line":86},"6":{"name":"(anonymous_6)","decl":{"start":{"line":91,"column":13},"end":{"line":91,"column":14}},"loc":{"start":{"line":91,"column":19},"end":{"line":95,"column":5}},"line":91},"7":{"name":"(anonymous_7)","decl":{"start":{"line":99,"column":25},"end":{"line":99,"column":26}},"loc":{"start":{"line":99,"column":31},"end":{"line":107,"column":3}},"line":99},"8":{"name":"(anonymous_8)","decl":{"start":{"line":102,"column":16},"end":{"line":102,"column":17}},"loc":{"start":{"line":102,"column":21},"end":{"line":102,"column":34}},"line":102},"9":{"name":"(anonymous_9)","decl":{"start":{"line":103,"column":13},"end":{"line":103,"column":14}},"loc":{"start":{"line":103,"column":19},"end":{"line":103,"column":50}},"line":103},"10":{"name":"(anonymous_10)","decl":{"start":{"line":109,"column":21},"end":{"line":109,"column":22}},"loc":{"start":{"line":109,"column":27},"end":{"line":111,"column":3}},"line":109},"11":{"name":"(anonymous_11)","decl":{"start":{"line":113,"column":25},"end":{"line":113,"column":26}},"loc":{"start":{"line":114,"column":4},"end":{"line":130,"column":23}},"line":114},"12":{"name":"(anonymous_12)","decl":{"start":{"line":116,"column":15},"end":{"line":116,"column":16}},"loc":{"start":{"line":116,"column":21},"end":{"line":116,"column":53}},"line":116},"13":{"name":"(anonymous_13)","decl":{"start":{"line":159,"column":28},"end":{"line":159,"column":29}},"loc":{"start":{"line":160,"column":14},"end":{"line":177,"column":33}},"line":160},"14":{"name":"(anonymous_14)","decl":{"start":{"line":162,"column":25},"end":{"line":162,"column":26}},"loc":{"start":{"line":162,"column":31},"end":{"line":162,"column":61}},"line":162},"15":{"name":"(anonymous_15)","decl":{"start":{"line":186,"column":22},"end":{"line":186,"column":23}},"loc":{"start":{"line":186,"column":27},"end":{"line":186,"column":56}},"line":186},"16":{"name":"(anonymous_16)","decl":{"start":{"line":222,"column":34},"end":{"line":222,"column":35}},"loc":{"start":{"line":222,"column":39},"end":{"line":222,"column":64}},"line":222}},"branchMap":{"0":{"loc":{"start":{"line":58,"column":21},"end":{"line":58,"column":46}},"type":"binary-expr","locations":[{"start":{"line":58,"column":21},"end":{"line":58,"column":40}},{"start":{"line":58,"column":44},"end":{"line":58,"column":46}}],"line":58},"1":{"loc":{"start":{"line":68,"column":4},"end":{"line":83,"column":5}},"type":"if","locations":[{"start":{"line":68,"column":4},"end":{"line":83,"column":5}},{"start":{},"end":{}}],"line":68},"2":{"loc":{"start":{"line":68,"column":8},"end":{"line":68,"column":48}},"type":"binary-expr","locations":[{"start":{"line":68,"column":8},"end":{"line":68,"column":24}},{"start":{"line":68,"column":28},"end":{"line":68,"column":48}}],"line":68},"3":{"loc":{"start":{"line":100,"column":4},"end":{"line":106,"column":5}},"type":"if","locations":[{"start":{"line":100,"column":4},"end":{"line":106,"column":5}},{"start":{},"end":{}}],"line":100},"4":{"loc":{"start":{"line":118,"column":8},"end":{"line":118,"column":53}},"type":"cond-expr","locations":[{"start":{"line":118,"column":31},"end":{"line":118,"column":48}},{"start":{"line":118,"column":51},"end":{"line":118,"column":53}}],"line":118},"5":{"loc":{"start":{"line":125,"column":9},"end":{"line":127,"column":9}},"type":"binary-expr","locations":[{"start":{"line":125,"column":9},"end":{"line":125,"column":29}},{"start":{"line":126,"column":10},"end":{"line":126,"column":71}}],"line":125},"6":{"loc":{"start":{"line":167,"column":20},"end":{"line":169,"column":44}},"type":"cond-expr","locations":[{"start":{"line":168,"column":24},"end":{"line":168,"column":56}},{"start":{"line":169,"column":24},"end":{"line":169,"column":44}}],"line":167},"7":{"loc":{"start":{"line":174,"column":17},"end":{"line":176,"column":17}},"type":"binary-expr","locations":[{"start":{"line":174,"column":17},"end":{"line":174,"column":47}},{"start":{"line":175,"column":18},"end":{"line":175,"column":105}}],"line":174}},"s":{"0":0,"1":0,"2":0,"3":0,"4":0,"5":0,"6":0,"7":0,"8":0,"9":0,"10":0,"11":0,"12":0,"13":0,"14":0,"15":0,"16":0,"17":0,"18":0,"19":0,"20":0,"21":0,"22":0,"23":0,"24":0,"25":0,"26":0,"27":0,"28":0,"29":0,"30":0,"31":0,"32":0,"33":0,"34":0,"35":0,"36":0,"37":0,"38":0,"39":0,"40":0,"41":0,"42":0,"43":0,"44":0,"45":0,"46":0,"47":0},"f":{"0":0,"1":0,"2":0,"3":0,"4":0,"5":0,"6":0,"7":0,"8":0,"9":0,"10":0,"11":0,"12":0,"13":0,"14":0,"15":0,"16":0},"b":{"0":[0,0],"1":[0,0],"2":[0,0],"3":[0,0],"4":[0,0],"5":[0,0],"6":[0,0],"7":[0,0]}}
,"D:\\Projects\\pumpcult\\GymPartnerApp\\src\\features\\auth\\screens\\PhoneNumberScreen.tsx": {"path":"D:\\Projects\\pumpcult\\GymPartnerApp\\src\\features\\auth\\screens\\PhoneNumberScreen.tsx","statementMap":{"0":{"start":{"line":17,"column":43},"end":{"line":114,"column":1}},"1":{"start":{"line":18,"column":21},"end":{"line":18,"column":52}},"2":{"start":{"line":19,"column":40},"end":{"line":19,"column":52}},"3":{"start":{"line":20,"column":48},"end":{"line":24,"column":4}},"4":{"start":{"line":27,"column":29},"end":{"line":30,"column":3}},"5":{"start":{"line":29,"column":4},"end":{"line":29,"column":52}},"6":{"start":{"line":32,"column":25},"end":{"line":41,"column":3}},"7":{"start":{"line":33,"column":4},"end":{"line":33,"column":41}},"8":{"start":{"line":33,"column":34},"end":{"line":33,"column":41}},"9":{"start":{"line":36,"column":29},"end":{"line":36,"column":63}},"10":{"start":{"line":37,"column":28},"end":{"line":37,"column":74}},"11":{"start":{"line":40,"column":4},"end":{"line":40,"column":77}},"12":{"start":{"line":43,"column":2},"end":{"line":113,"column":4}},"13":{"start":{"line":53,"column":27},"end":{"line":53,"column":46}}},"fnMap":{"0":{"name":"(anonymous_0)","decl":{"start":{"line":17,"column":43},"end":{"line":17,"column":44}},"loc":{"start":{"line":17,"column":49},"end":{"line":114,"column":1}},"line":17},"1":{"name":"(anonymous_1)","decl":{"start":{"line":27,"column":29},"end":{"line":27,"column":30}},"loc":{"start":{"line":27,"column":35},"end":{"line":30,"column":3}},"line":27},"2":{"name":"(anonymous_2)","decl":{"start":{"line":32,"column":25},"end":{"line":32,"column":26}},"loc":{"start":{"line":32,"column":31},"end":{"line":41,"column":3}},"line":32},"3":{"name":"(anonymous_3)","decl":{"start":{"line":53,"column":21},"end":{"line":53,"column":22}},"loc":{"start":{"line":53,"column":27},"end":{"line":53,"column":46}},"line":53}},"branchMap":{"0":{"loc":{"start":{"line":33,"column":4},"end":{"line":33,"column":41}},"type":"if","locations":[{"start":{"line":33,"column":4},"end":{"line":33,"column":41}},{"start":{},"end":{}}],"line":33},"1":{"loc":{"start":{"line":45,"column":16},"end":{"line":45,"column":60}},"type":"cond-expr","locations":[{"start":{"line":45,"column":40},"end":{"line":45,"column":49}},{"start":{"line":45,"column":52},"end":{"line":45,"column":60}}],"line":45},"2":{"loc":{"start":{"line":100,"column":16},"end":{"line":100,"column":78}},"type":"cond-expr","locations":[{"start":{"line":100,"column":41},"end":{"line":100,"column":57}},{"start":{"line":100,"column":60},"end":{"line":100,"column":78}}],"line":100}},"s":{"0":0,"1":0,"2":0,"3":0,"4":0,"5":0,"6":0,"7":0,"8":0,"9":0,"10":0,"11":0,"12":0,"13":0},"f":{"0":0,"1":0,"2":0,"3":0},"b":{"0":[0,0],"1":[0,0],"2":[0,0]}}
,"D:\\Projects\\pumpcult\\GymPartnerApp\\src\\features\\auth\\screens\\PhotosScreen.tsx": {"path":"D:\\Projects\\pumpcult\\GymPartnerApp\\src\\features\\auth\\screens\\PhotosScreen.tsx","statementMap":{"0":{"start":{"line":23,"column":38},"end":{"line":165,"column":1}},"1":{"start":{"line":24,"column":21},"end":{"line":24,"column":52}},"2":{"start":{"line":25,"column":30},"end":{"line":25,"column":55}},"3":{"start":{"line":27,"column":25},"end":{"line":63,"column":3}},"4":{"start":{"line":28,"column":4},"end":{"line":62,"column":5}},"5":{"start":{"line":29,"column":31},"end":{"line":29,"column":86}},"6":{"start":{"line":31,"column":6},"end":{"line":37,"column":7}},"7":{"start":{"line":32,"column":8},"end":{"line":35,"column":10}},"8":{"start":{"line":36,"column":8},"end":{"line":36,"column":15}},"9":{"start":{"line":39,"column":21},"end":{"line":44,"column":8}},"10":{"start":{"line":46,"column":6},"end":{"line":56,"column":7}},"11":{"start":{"line":47,"column":25},"end":{"line":50,"column":9}},"12":{"start":{"line":52,"column":8},"end":{"line":55,"column":11}},"13":{"start":{"line":53,"column":27},"end":{"line":53,"column":62}},"14":{"start":{"line":53,"column":44},"end":{"line":53,"column":61}},"15":{"start":{"line":54,"column":10},"end":{"line":54,"column":75}},"16":{"start":{"line":54,"column":56},"end":{"line":54,"column":73}},"17":{"start":{"line":58,"column":6},"end":{"line":61,"column":8}},"18":{"start":{"line":65,"column":28},"end":{"line":67,"column":3}},"19":{"start":{"line":66,"column":4},"end":{"line":66,"column":59}},"20":{"start":{"line":66,"column":22},"end":{"line":66,"column":57}},"21":{"start":{"line":66,"column":39},"end":{"line":66,"column":56}},"22":{"start":{"line":69,"column":25},"end":{"line":74,"column":3}},"23":{"start":{"line":70,"column":4},"end":{"line":73,"column":5}},"24":{"start":{"line":72,"column":6},"end":{"line":72,"column":47}},"25":{"start":{"line":76,"column":25},"end":{"line":107,"column":3}},"26":{"start":{"line":77,"column":18},"end":{"line":77,"column":53}},"27":{"start":{"line":77,"column":35},"end":{"line":77,"column":52}},"28":{"start":{"line":79,"column":4},"end":{"line":106,"column":6}},"29":{"start":{"line":81,"column":23},"end":{"line":81,"column":44}},"30":{"start":{"line":94,"column":29},"end":{"line":94,"column":53}},"31":{"start":{"line":109,"column":2},"end":{"line":164,"column":4}},"32":{"start":{"line":130,"column":12},"end":{"line":132,"column":19}}},"fnMap":{"0":{"name":"(anonymous_0)","decl":{"start":{"line":23,"column":38},"end":{"line":23,"column":39}},"loc":{"start":{"line":23,"column":44},"end":{"line":165,"column":1}},"line":23},"1":{"name":"(anonymous_1)","decl":{"start":{"line":27,"column":25},"end":{"line":27,"column":26}},"loc":{"start":{"line":27,"column":50},"end":{"line":63,"column":3}},"line":27},"2":{"name":"(anonymous_2)","decl":{"start":{"line":52,"column":18},"end":{"line":52,"column":19}},"loc":{"start":{"line":52,"column":26},"end":{"line":55,"column":9}},"line":52},"3":{"name":"(anonymous_3)","decl":{"start":{"line":53,"column":39},"end":{"line":53,"column":40}},"loc":{"start":{"line":53,"column":44},"end":{"line":53,"column":61}},"line":53},"4":{"name":"(anonymous_4)","decl":{"start":{"line":54,"column":46},"end":{"line":54,"column":47}},"loc":{"start":{"line":54,"column":56},"end":{"line":54,"column":73}},"line":54},"5":{"name":"(anonymous_5)","decl":{"start":{"line":65,"column":28},"end":{"line":65,"column":29}},"loc":{"start":{"line":65,"column":47},"end":{"line":67,"column":3}},"line":65},"6":{"name":"(anonymous_6)","decl":{"start":{"line":66,"column":14},"end":{"line":66,"column":15}},"loc":{"start":{"line":66,"column":22},"end":{"line":66,"column":57}},"line":66},"7":{"name":"(anonymous_7)","decl":{"start":{"line":66,"column":34},"end":{"line":66,"column":35}},"loc":{"start":{"line":66,"column":39},"end":{"line":66,"column":56}},"line":66},"8":{"name":"(anonymous_8)","decl":{"start":{"line":69,"column":25},"end":{"line":69,"column":26}},"loc":{"start":{"line":69,"column":31},"end":{"line":74,"column":3}},"line":69},"9":{"name":"(anonymous_9)","decl":{"start":{"line":76,"column":25},"end":{"line":76,"column":26}},"loc":{"start":{"line":76,"column":44},"end":{"line":107,"column":3}},"line":76},"10":{"name":"(anonymous_10)","decl":{"start":{"line":77,"column":30},"end":{"line":77,"column":31}},"loc":{"start":{"line":77,"column":35},"end":{"line":77,"column":52}},"line":77},"11":{"name":"(anonymous_11)","decl":{"start":{"line":81,"column":17},"end":{"line":81,"column":18}},"loc":{"start":{"line":81,"column":23},"end":{"line":81,"column":44}},"line":81},"12":{"name":"(anonymous_12)","decl":{"start":{"line":94,"column":23},"end":{"line":94,"column":24}},"loc":{"start":{"line":94,"column":29},"end":{"line":94,"column":53}},"line":94},"13":{"name":"(anonymous_13)","decl":{"start":{"line":129,"column":34},"end":{"line":129,"column":35}},"loc":{"start":{"line":130,"column":12},"end":{"line":132,"column":19}},"line":130},"14":{"name":"(anonymous_14)","decl":{"start":{"line":139,"column":21},"end":{"line":139,"column":22}},"loc":{"start":{"line":139,"column":27},"end":{"line":139,"column":57}},"line":139}},"branchMap":{"0":{"loc":{"start":{"line":31,"column":6},"end":{"line":37,"column":7}},"type":"if","locations":[{"start":{"line":31,"column":6},"end":{"line":37,"column":7}},{"start":{},"end":{}}],"line":31},"1":{"loc":{"start":{"line":46,"column":6},"end":{"line":56,"column":7}},"type":"if","locations":[{"start":{"line":46,"column":6},"end":{"line":56,"column":7}},{"start":{},"end":{}}],"line":46},"2":{"loc":{"start":{"line":46,"column":10},"end":{"line":46,"column":46}},"type":"binary-expr","locations":[{"start":{"line":46,"column":10},"end":{"line":46,"column":26}},{"start":{"line":46,"column":30},"end":{"line":46,"column":46}}],"line":46},"3":{"loc":{"start":{"line":70,"column":4},"end":{"line":73,"column":5}},"type":"if","locations":[{"start":{"line":70,"column":4},"end":{"line":73,"column":5}},{"start":{},"end":{}}],"line":70},"4":{"loc":{"start":{"line":83,"column":10},"end":{"line":83,"column":56}},"type":"cond-expr","locations":[{"start":{"line":83,"column":18},"end":{"line":83,"column":36}},{"start":{"line":83,"column":39},"end":{"line":83,"column":56}}],"line":83},"5":{"loc":{"start":{"line":86,"column":9},"end":{"line":104,"column":9}},"type":"cond-expr","locations":[{"start":{"line":87,"column":10},"end":{"line":99,"column":17}},{"start":{"line":101,"column":10},"end":{"line":103,"column":17}}],"line":86}},"s":{"0":0,"1":0,"2":0,"3":0,"4":0,"5":0,"6":0,"7":0,"8":0,"9":0,"10":0,"11":0,"12":0,"13":0,"14":0,"15":0,"16":0,"17":0,"18":0,"19":0,"20":0,"21":0,"22":0,"23":0,"24":0,"25":0,"26":0,"27":0,"28":0,"29":0,"30":0,"31":0,"32":0},"f":{"0":0,"1":0,"2":0,"3":0,"4":0,"5":0,"6":0,"7":0,"8":0,"9":0,"10":0,"11":0,"12":0,"13":0,"14":0},"b":{"0":[0,0],"1":[0,0],"2":[0,0],"3":[0,0],"4":[0,0],"5":[0,0]}}
,"D:\\Projects\\pumpcult\\GymPartnerApp\\src\\features\\auth\\screens\\PreferredPartnersScreen.tsx": {"path":"D:\\Projects\\pumpcult\\GymPartnerApp\\src\\features\\auth\\screens\\PreferredPartnersScreen.tsx","statementMap":{"0":{"start":{"line":13,"column":49},"end":{"line":144,"column":1}},"1":{"start":{"line":14,"column":21},"end":{"line":14,"column":52}},"2":{"start":{"line":15,"column":36},"end":{"line":15,"column":51}},"3":{"start":{"line":16,"column":50},"end":{"line":16,"column":92}},"4":{"start":{"line":17,"column":42},"end":{"line":17,"column":54}},"5":{"start":{"line":19,"column":45},"end":{"line":23,"column":3}},"6":{"start":{"line":25,"column":24},"end":{"line":33,"column":3}},"7":{"start":{"line":26,"column":24},"end":{"line":26,"column":49}},"8":{"start":{"line":27,"column":4},"end":{"line":31,"column":5}},"9":{"start":{"line":28,"column":6},"end":{"line":28,"column":34}},"10":{"start":{"line":30,"column":6},"end":{"line":30,"column":31}},"11":{"start":{"line":32,"column":4},"end":{"line":32,"column":37}},"12":{"start":{"line":35,"column":32},"end":{"line":40,"column":3}},"13":{"start":{"line":36,"column":4},"end":{"line":36,"column":24}},"14":{"start":{"line":37,"column":4},"end":{"line":39,"column":5}},"15":{"start":{"line":38,"column":6},"end":{"line":38,"column":51}},"16":{"start":{"line":40,"column":29},"end":{"line":49,"column":3}},"17":{"start":{"line":41,"column":24},"end":{"line":46,"column":5}},"18":{"start":{"line":44,"column":8},"end":{"line":44,"column":68}},"19":{"start":{"line":47,"column":4},"end":{"line":47,"column":53}},"20":{"start":{"line":48,"column":4},"end":{"line":48,"column":57}},"21":{"start":{"line":51,"column":2},"end":{"line":143,"column":4}},"22":{"start":{"line":84,"column":4},"end":{"line":120,"column":11}},"23":{"start":{"line":91,"column":23},"end":{"line":91,"column":59}}},"fnMap":{"0":{"name":"(anonymous_0)","decl":{"start":{"line":13,"column":49},"end":{"line":13,"column":50}},"loc":{"start":{"line":13,"column":55},"end":{"line":144,"column":1}},"line":13},"1":{"name":"(anonymous_1)","decl":{"start":{"line":25,"column":24},"end":{"line":25,"column":25}},"loc":{"start":{"line":25,"column":55},"end":{"line":33,"column":3}},"line":25},"2":{"name":"(anonymous_2)","decl":{"start":{"line":35,"column":32},"end":{"line":35,"column":33}},"loc":{"start":{"line":35,"column":52},"end":{"line":40,"column":3}},"line":35},"3":{"name":"(anonymous_3)","decl":{"start":{"line":40,"column":29},"end":{"line":40,"column":30}},"loc":{"start":{"line":40,"column":35},"end":{"line":49,"column":3}},"line":40},"4":{"name":"(anonymous_4)","decl":{"start":{"line":43,"column":57},"end":{"line":43,"column":58}},"loc":{"start":{"line":44,"column":8},"end":{"line":44,"column":68}},"line":44},"5":{"name":"(anonymous_5)","decl":{"start":{"line":83,"column":22},"end":{"line":83,"column":23}},"loc":{"start":{"line":84,"column":4},"end":{"line":120,"column":11}},"line":84},"6":{"name":"(anonymous_6)","decl":{"start":{"line":91,"column":17},"end":{"line":91,"column":18}},"loc":{"start":{"line":91,"column":23},"end":{"line":91,"column":59}},"line":91}},"branchMap":{"0":{"loc":{"start":{"line":27,"column":4},"end":{"line":31,"column":5}},"type":"if","locations":[{"start":{"line":27,"column":4},"end":{"line":31,"column":5}},{"start":{"line":29,"column":11},"end":{"line":31,"column":5}}],"line":27},"1":{"loc":{"start":{"line":37,"column":4},"end":{"line":39,"column":5}},"type":"if","locations":[{"start":{"line":37,"column":4},"end":{"line":39,"column":5}},{"start":{},"end":{}}],"line":37},"2":{"loc":{"start":{"line":44,"column":8},"end":{"line":44,"column":68}},"type":"cond-expr","locations":[{"start":{"line":44,"column":46},"end":{"line":44,"column":58}},{"start":{"line":44,"column":61},"end":{"line":44,"column":68}}],"line":44},"3":{"loc":{"start":{"line":44,"column":8},"end":{"line":44,"column":43}},"type":"binary-expr","locations":[{"start":{"line":44,"column":8},"end":{"line":44,"column":27}},{"start":{"line":44,"column":31},"end":{"line":44,"column":43}}],"line":44},"4":{"loc":{"start":{"line":84,"column":35},"end":{"line":84,"column":84}},"type":"cond-expr","locations":[{"start":{"line":84,"column":73},"end":{"line":84,"column":79}},{"start":{"line":84,"column":82},"end":{"line":84,"column":84}}],"line":84},"5":{"loc":{"start":{"line":87,"column":10},"end":{"line":89,"column":32}},"type":"cond-expr","locations":[{"start":{"line":88,"column":14},"end":{"line":88,"column":32}},{"start":{"line":89,"column":14},"end":{"line":89,"column":32}}],"line":87},"6":{"loc":{"start":{"line":87,"column":10},"end":{"line":87,"column":52}},"type":"binary-expr","locations":[{"start":{"line":87,"column":10},"end":{"line":87,"column":39}},{"start":{"line":87,"column":43},"end":{"line":87,"column":52}}],"line":87},"7":{"loc":{"start":{"line":91,"column":23},"end":{"line":91,"column":59}},"type":"binary-expr","locations":[{"start":{"line":91,"column":23},"end":{"line":91,"column":33}},{"start":{"line":91,"column":37},"end":{"line":91,"column":59}}],"line":91},"8":{"loc":{"start":{"line":97,"column":12},"end":{"line":99,"column":53}},"type":"cond-expr","locations":[{"start":{"line":98,"column":16},"end":{"line":98,"column":51}},{"start":{"line":99,"column":16},"end":{"line":99,"column":53}}],"line":97},"9":{"loc":{"start":{"line":97,"column":12},"end":{"line":97,"column":54}},"type":"binary-expr","locations":[{"start":{"line":97,"column":12},"end":{"line":97,"column":41}},{"start":{"line":97,"column":45},"end":{"line":97,"column":54}}],"line":97},"10":{"loc":{"start":{"line":102,"column":11},"end":{"line":104,"column":11}},"type":"binary-expr","locations":[{"start":{"line":102,"column":12},"end":{"line":102,"column":41}},{"start":{"line":102,"column":45},"end":{"line":102,"column":54}},{"start":{"line":103,"column":12},"end":{"line":103,"column":62}}],"line":102},"11":{"loc":{"start":{"line":109,"column":7},"end":{"line":119,"column":7}},"type":"binary-expr","locations":[{"start":{"line":109,"column":7},"end":{"line":109,"column":26}},{"start":{"line":109,"column":30},"end":{"line":109,"column":59}},{"start":{"line":109,"column":63},"end":{"line":109,"column":73}},{"start":{"line":110,"column":8},"end":{"line":118,"column":10}}],"line":109},"12":{"loc":{"start":{"line":138,"column":21},"end":{"line":138,"column":120}},"type":"binary-expr","locations":[{"start":{"line":138,"column":21},"end":{"line":138,"column":30}},{"start":{"line":138,"column":35},"end":{"line":138,"column":60}},{"start":{"line":138,"column":65},"end":{"line":138,"column":95}},{"start":{"line":138,"column":99},"end":{"line":138,"column":118}}],"line":138}},"s":{"0":0,"1":0,"2":0,"3":0,"4":0,"5":0,"6":0,"7":0,"8":0,"9":0,"10":0,"11":0,"12":0,"13":0,"14":0,"15":0,"16":0,"17":0,"18":0,"19":0,"20":0,"21":0,"22":0,"23":0},"f":{"0":0,"1":0,"2":0,"3":0,"4":0,"5":0,"6":0},"b":{"0":[0,0],"1":[0,0],"2":[0,0],"3":[0,0],"4":[0,0],"5":[0,0],"6":[0,0],"7":[0,0],"8":[0,0],"9":[0,0],"10":[0,0,0],"11":[0,0,0,0],"12":[0,0,0,0]}}
,"D:\\Projects\\pumpcult\\GymPartnerApp\\src\\features\\auth\\screens\\PrivacyConsentScreen.tsx": {"path":"D:\\Projects\\pumpcult\\GymPartnerApp\\src\\features\\auth\\screens\\PrivacyConsentScreen.tsx","statementMap":{"0":{"start":{"line":11,"column":20},"end":{"line":20,"column":1}},"1":{"start":{"line":12,"column":2},"end":{"line":19,"column":8}},"2":{"start":{"line":22,"column":46},"end":{"line":124,"column":1}},"3":{"start":{"line":23,"column":21},"end":{"line":23,"column":52}},"4":{"start":{"line":25,"column":23},"end":{"line":28,"column":3}},"5":{"start":{"line":27,"column":4},"end":{"line":27,"column":40}},"6":{"start":{"line":30,"column":28},"end":{"line":32,"column":3}},"7":{"start":{"line":31,"column":4},"end":{"line":31,"column":46}},"8":{"start":{"line":34,"column":28},"end":{"line":36,"column":3}},"9":{"start":{"line":35,"column":4},"end":{"line":35,"column":59}},"10":{"start":{"line":38,"column":27},"end":{"line":40,"column":3}},"11":{"start":{"line":39,"column":4},"end":{"line":39,"column":58}},"12":{"start":{"line":42,"column":2},"end":{"line":123,"column":4}},"13":{"start":{"line":55,"column":70},"end":{"line":55,"column":98}},"14":{"start":{"line":83,"column":12},"end":{"line":98,"column":19}}},"fnMap":{"0":{"name":"(anonymous_0)","decl":{"start":{"line":11,"column":20},"end":{"line":11,"column":21}},"loc":{"start":{"line":12,"column":2},"end":{"line":19,"column":8}},"line":12},"1":{"name":"(anonymous_1)","decl":{"start":{"line":22,"column":46},"end":{"line":22,"column":47}},"loc":{"start":{"line":22,"column":52},"end":{"line":124,"column":1}},"line":22},"2":{"name":"(anonymous_2)","decl":{"start":{"line":25,"column":23},"end":{"line":25,"column":24}},"loc":{"start":{"line":25,"column":29},"end":{"line":28,"column":3}},"line":25},"3":{"name":"(anonymous_3)","decl":{"start":{"line":30,"column":28},"end":{"line":30,"column":29}},"loc":{"start":{"line":30,"column":34},"end":{"line":32,"column":3}},"line":30},"4":{"name":"(anonymous_4)","decl":{"start":{"line":34,"column":28},"end":{"line":34,"column":29}},"loc":{"start":{"line":34,"column":34},"end":{"line":36,"column":3}},"line":34},"5":{"name":"(anonymous_5)","decl":{"start":{"line":38,"column":27},"end":{"line":38,"column":28}},"loc":{"start":{"line":38,"column":33},"end":{"line":40,"column":3}},"line":38},"6":{"name":"(anonymous_6)","decl":{"start":{"line":55,"column":64},"end":{"line":55,"column":65}},"loc":{"start":{"line":55,"column":70},"end":{"line":55,"column":98}},"line":55},"7":{"name":"(anonymous_7)","decl":{"start":{"line":82,"column":16},"end":{"line":82,"column":17}},"loc":{"start":{"line":83,"column":12},"end":{"line":98,"column":19}},"line":83}},"branchMap":{},"s":{"0":0,"1":0,"2":0,"3":0,"4":0,"5":0,"6":0,"7":0,"8":0,"9":0,"10":0,"11":0,"12":0,"13":0,"14":0},"f":{"0":0,"1":0,"2":0,"3":0,"4":0,"5":0,"6":0,"7":0},"b":{}}
,"D:\\Projects\\pumpcult\\GymPartnerApp\\src\\features\\auth\\screens\\PrivacyPreferencesScreen.tsx": {"path":"D:\\Projects\\pumpcult\\GymPartnerApp\\src\\features\\auth\\screens\\PrivacyPreferencesScreen.tsx","statementMap":{"0":{"start":{"line":20,"column":20},"end":{"line":29,"column":1}},"1":{"start":{"line":21,"column":2},"end":{"line":28,"column":8}},"2":{"start":{"line":31,"column":21},"end":{"line":42,"column":1}},"3":{"start":{"line":32,"column":2},"end":{"line":41,"column":21}},"4":{"start":{"line":44,"column":18},"end":{"line":60,"column":1}},"5":{"start":{"line":49,"column":2},"end":{"line":59,"column":21}},"6":{"start":{"line":62,"column":50},"end":{"line":288,"column":1}},"7":{"start":{"line":63,"column":21},"end":{"line":63,"column":52}},"8":{"start":{"line":64,"column":36},"end":{"line":64,"column":61}},"9":{"start":{"line":65,"column":40},"end":{"line":80,"column":4}},"10":{"start":{"line":82,"column":27},"end":{"line":90,"column":3}},"11":{"start":{"line":83,"column":4},"end":{"line":89,"column":8}},"12":{"start":{"line":83,"column":28},"end":{"line":89,"column":5}},"13":{"start":{"line":92,"column":26},"end":{"line":101,"column":3}},"14":{"start":{"line":93,"column":27},"end":{"line":99,"column":11}},"15":{"start":{"line":93,"column":79},"end":{"line":99,"column":5}},"16":{"start":{"line":95,"column":105},"end":{"line":98,"column":7}},"17":{"start":{"line":100,"column":4},"end":{"line":100,"column":57}},"18":{"start":{"line":103,"column":26},"end":{"line":112,"column":3}},"19":{"start":{"line":104,"column":27},"end":{"line":110,"column":11}},"20":{"start":{"line":104,"column":79},"end":{"line":110,"column":5}},"21":{"start":{"line":106,"column":105},"end":{"line":109,"column":7}},"22":{"start":{"line":111,"column":4},"end":{"line":111,"column":57}},"23":{"start":{"line":114,"column":32},"end":{"line":117,"column":3}},"24":{"start":{"line":116,"column":4},"end":{"line":116,"column":43}},"25":{"start":{"line":119,"column":24},"end":{"line":190,"column":3}},"26":{"start":{"line":120,"column":4},"end":{"line":189,"column":5}},"27":{"start":{"line":122,"column":8},"end":{"line":140,"column":10}},"28":{"start":{"line":129,"column":14},"end":{"line":137,"column":21}},"29":{"start":{"line":135,"column":34},"end":{"line":135,"column":67}},"30":{"start":{"line":142,"column":8},"end":{"line":160,"column":10}},"31":{"start":{"line":149,"column":14},"end":{"line":157,"column":21}},"32":{"start":{"line":155,"column":34},"end":{"line":155,"column":67}},"33":{"start":{"line":162,"column":8},"end":{"line":188,"column":10}},"34":{"start":{"line":177,"column":14},"end":{"line":185,"column":21}},"35":{"start":{"line":183,"column":34},"end":{"line":183,"column":67}},"36":{"start":{"line":192,"column":2},"end":{"line":287,"column":4}},"37":{"start":{"line":218,"column":31},"end":{"line":218,"column":85}},"38":{"start":{"line":225,"column":31},"end":{"line":225,"column":84}},"39":{"start":{"line":238,"column":29},"end":{"line":238,"column":53}},"40":{"start":{"line":243,"column":29},"end":{"line":243,"column":53}},"41":{"start":{"line":248,"column":29},"end":{"line":248,"column":53}}},"fnMap":{"0":{"name":"(anonymous_0)","decl":{"start":{"line":20,"column":20},"end":{"line":20,"column":21}},"loc":{"start":{"line":21,"column":2},"end":{"line":28,"column":8}},"line":21},"1":{"name":"(anonymous_1)","decl":{"start":{"line":31,"column":21},"end":{"line":31,"column":22}},"loc":{"start":{"line":32,"column":2},"end":{"line":41,"column":21}},"line":32},"2":{"name":"(anonymous_2)","decl":{"start":{"line":44,"column":18},"end":{"line":44,"column":19}},"loc":{"start":{"line":49,"column":2},"end":{"line":59,"column":21}},"line":49},"3":{"name":"(anonymous_3)","decl":{"start":{"line":62,"column":50},"end":{"line":62,"column":51}},"loc":{"start":{"line":62,"column":56},"end":{"line":288,"column":1}},"line":62},"4":{"name":"(anonymous_4)","decl":{"start":{"line":82,"column":27},"end":{"line":82,"column":28}},"loc":{"start":{"line":82,"column":80},"end":{"line":90,"column":3}},"line":82},"5":{"name":"(anonymous_5)","decl":{"start":{"line":83,"column":19},"end":{"line":83,"column":20}},"loc":{"start":{"line":83,"column":28},"end":{"line":89,"column":5}},"line":83},"6":{"name":"(anonymous_6)","decl":{"start":{"line":92,"column":26},"end":{"line":92,"column":27}},"loc":{"start":{"line":92,"column":32},"end":{"line":101,"column":3}},"line":92},"7":{"name":"(anonymous_7)","decl":{"start":{"line":93,"column":59},"end":{"line":93,"column":60}},"loc":{"start":{"line":93,"column":79},"end":{"line":99,"column":5}},"line":93},"8":{"name":"(anonymous_8)","decl":{"start":{"line":95,"column":88},"end":{"line":95,"column":89}},"loc":{"start":{"line":95,"column":105},"end":{"line":98,"column":7}},"line":95},"9":{"name":"(anonymous_9)","decl":{"start":{"line":103,"column":26},"end":{"line":103,"column":27}},"loc":{"start":{"line":103,"column":32},"end":{"line":112,"column":3}},"line":103},"10":{"name":"(anonymous_10)","decl":{"start":{"line":104,"column":59},"end":{"line":104,"column":60}},"loc":{"start":{"line":104,"column":79},"end":{"line":110,"column":5}},"line":104},"11":{"name":"(anonymous_11)","decl":{"start":{"line":106,"column":88},"end":{"line":106,"column":89}},"loc":{"start":{"line":106,"column":105},"end":{"line":109,"column":7}},"line":106},"12":{"name":"(anonymous_12)","decl":{"start":{"line":114,"column":32},"end":{"line":114,"column":33}},"loc":{"start":{"line":114,"column":38},"end":{"line":117,"column":3}},"line":114},"13":{"name":"(anonymous_13)","decl":{"start":{"line":119,"column":24},"end":{"line":119,"column":25}},"loc":{"start":{"line":119,"column":30},"end":{"line":190,"column":3}},"line":119},"14":{"name":"(anonymous_14)","decl":{"start":{"line":128,"column":54},"end":{"line":128,"column":55}},"loc":{"start":{"line":129,"column":14},"end":{"line":137,"column":21}},"line":129},"15":{"name":"(anonymous_15)","decl":{"start":{"line":135,"column":28},"end":{"line":135,"column":29}},"loc":{"start":{"line":135,"column":34},"end":{"line":135,"column":67}},"line":135},"16":{"name":"(anonymous_16)","decl":{"start":{"line":148,"column":54},"end":{"line":148,"column":55}},"loc":{"start":{"line":149,"column":14},"end":{"line":157,"column":21}},"line":149},"17":{"name":"(anonymous_17)","decl":{"start":{"line":155,"column":28},"end":{"line":155,"column":29}},"loc":{"start":{"line":155,"column":34},"end":{"line":155,"column":67}},"line":155},"18":{"name":"(anonymous_18)","decl":{"start":{"line":176,"column":54},"end":{"line":176,"column":55}},"loc":{"start":{"line":177,"column":14},"end":{"line":185,"column":21}},"line":177},"19":{"name":"(anonymous_19)","decl":{"start":{"line":183,"column":28},"end":{"line":183,"column":29}},"loc":{"start":{"line":183,"column":34},"end":{"line":183,"column":67}},"line":183},"20":{"name":"(anonymous_20)","decl":{"start":{"line":218,"column":25},"end":{"line":218,"column":26}},"loc":{"start":{"line":218,"column":31},"end":{"line":218,"column":85}},"line":218},"21":{"name":"(anonymous_21)","decl":{"start":{"line":225,"column":25},"end":{"line":225,"column":26}},"loc":{"start":{"line":225,"column":31},"end":{"line":225,"column":84}},"line":225},"22":{"name":"(anonymous_22)","decl":{"start":{"line":238,"column":23},"end":{"line":238,"column":24}},"loc":{"start":{"line":238,"column":29},"end":{"line":238,"column":53}},"line":238},"23":{"name":"(anonymous_23)","decl":{"start":{"line":243,"column":23},"end":{"line":243,"column":24}},"loc":{"start":{"line":243,"column":29},"end":{"line":243,"column":53}},"line":243},"24":{"name":"(anonymous_24)","decl":{"start":{"line":248,"column":23},"end":{"line":248,"column":24}},"loc":{"start":{"line":248,"column":29},"end":{"line":248,"column":53}},"line":248}},"branchMap":{"0":{"loc":{"start":{"line":34,"column":40},"end":{"line":34,"column":80}},"type":"cond-expr","locations":[{"start":{"line":34,"column":48},"end":{"line":34,"column":64}},{"start":{"line":34,"column":67},"end":{"line":34,"column":80}}],"line":34},"1":{"loc":{"start":{"line":39,"column":10},"end":{"line":39,"column":33}},"type":"cond-expr","locations":[{"start":{"line":39,"column":18},"end":{"line":39,"column":24}},{"start":{"line":39,"column":27},"end":{"line":39,"column":33}}],"line":39},"2":{"loc":{"start":{"line":53,"column":19},"end":{"line":53,"column":51}},"type":"cond-expr","locations":[{"start":{"line":53,"column":30},"end":{"line":53,"column":39}},{"start":{"line":53,"column":42},"end":{"line":53,"column":51}}],"line":53},"3":{"loc":{"start":{"line":56,"column":36},"end":{"line":56,"column":83}},"type":"cond-expr","locations":[{"start":{"line":56,"column":47},"end":{"line":56,"column":65}},{"start":{"line":56,"column":68},"end":{"line":56,"column":83}}],"line":56},"4":{"loc":{"start":{"line":120,"column":4},"end":{"line":189,"column":5}},"type":"switch","locations":[{"start":{"line":121,"column":6},"end":{"line":140,"column":10}},{"start":{"line":141,"column":6},"end":{"line":160,"column":10}},{"start":{"line":161,"column":6},"end":{"
[...]
"5":{"start":{"line":55,"column":24},"end":{"line":55,"column":46}},"6":{"start":{"line":56,"column":4},"end":{"line":62,"column":5}},"7":{"start":{"line":57,"column":6},"end":{"line":57,"column":33}},"8":{"start":{"line":59,"column":6},"end":{"line":61,"column":7}},"9":{"start":{"line":60,"column":8},"end":{"line":60,"column":32}},"10":{"start":{"line":63,"column":4},"end":{"line":63,"column":34}},"11":{"start":{"line":66,"column":25},"end":{"line":75,"column":3}},"12":{"start":{"line":67,"column":4},"end":{"line":74,"column":5}},"13":{"start":{"line":68,"column":32},"end":{"line":70,"column":7}},"14":{"start":{"line":69,"column":14},"end":{"line":69,"column":49}},"15":{"start":{"line":69,"column":33},"end":{"line":69,"column":47}},"16":{"start":{"line":71,"column":6},"end":{"line":71,"column":56}},"17":{"start":{"line":73,"column":6},"end":{"line":73,"column":45}},"18":{"start":{"line":77,"column":2},"end":{"line":162,"column":4}},"19":{"start":{"line":98,"column":4},"end":{"line":139,"column":11}},"20":{"start":{"line":105,"column":23},"end":{"line":105,"column":42}}},"fnMap":{"0":{"name":"(anonymous_0)","decl":{"start":{"line":18,"column":44},"end":{"line":18,"column":45}},"loc":{"start":{"line":18,"column":50},"end":{"line":163,"column":1}},"line":18},"1":{"name":"(anonymous_1)","decl":{"start":{"line":54,"column":21},"end":{"line":54,"column":22}},"loc":{"start":{"line":54,"column":41},"end":{"line":64,"column":3}},"line":54},"2":{"name":"(anonymous_2)","decl":{"start":{"line":66,"column":25},"end":{"line":66,"column":26}},"loc":{"start":{"line":66,"column":31},"end":{"line":75,"column":3}},"line":66},"3":{"name":"(anonymous_3)","decl":{"start":{"line":69,"column":8},"end":{"line":69,"column":9}},"loc":{"start":{"line":69,"column":14},"end":{"line":69,"column":49}},"line":69},"4":{"name":"(anonymous_4)","decl":{"start":{"line":69,"column":25},"end":{"line":69,"column":26}},"loc":{"start":{"line":69,"column":33},"end":{"line":69,"column":47}},"line":69},"5":{"name":"(anonymous_5)","decl":{"start":{"line":97,"column":13},"end":{"line":97,"column":14}},"loc":{"start":{"line":98,"column":4},"end":{"line":139,"column":11}},"line":98},"6":{"name":"(anonymous_6)","decl":{"start":{"line":105,"column":17},"end":{"line":105,"column":18}},"loc":{"start":{"line":105,"column":23},"end":{"line":105,"column":42}},"line":105}},"branchMap":{"0":{"loc":{"start":{"line":56,"column":4},"end":{"line":62,"column":5}},"type":"if","locations":[{"start":{"line":56,"column":4},"end":{"line":62,"column":5}},{"start":{"line":58,"column":11},"end":{"line":62,"column":5}}],"line":56},"1":{"loc":{"start":{"line":59,"column":6},"end":{"line":61,"column":7}},"type":"if","locations":[{"start":{"line":59,"column":6},"end":{"line":61,"column":7}},{"start":{},"end":{}}],"line":59},"2":{"loc":{"start":{"line":67,"column":4},"end":{"line":74,"column":5}},"type":"if","locations":[{"start":{"line":67,"column":4},"end":{"line":74,"column":5}},{"start":{},"end":{}}],"line":67},"3":{"loc":{"start":{"line":98,"column":35},"end":{"line":98,"column":75}},"type":"cond-expr","locations":[{"start":{"line":98,"column":64},"end":{"line":98,"column":70}},{"start":{"line":98,"column":73},"end":{"line":98,"column":75}}],"line":98},"4":{"loc":{"start":{"line":101,"column":10},"end":{"line":103,"column":32}},"type":"cond-expr","locations":[{"start":{"line":102,"column":14},"end":{"line":102,"column":33}},{"start":{"line":103,"column":14},"end":{"line":103,"column":32}}],"line":101},"5":{"loc":{"start":{"line":110,"column":14},"end":{"line":112,"column":35}},"type":"cond-expr","locations":[{"start":{"line":111,"column":18},"end":{"line":111,"column":36}},{"start":{"line":112,"column":18},"end":{"line":112,"column":35}}],"line":110},"6":{"loc":{"start":{"line":119,"column":14},"end":{"line":121,"column":38}},"type":"cond-expr","locations":[{"start":{"line":120,"column":18},"end":{"line":120,"column":39}},{"start":{"line":121,"column":18},"end":{"line":121,"column":38}}],"line":119},"7":{"loc":{"start":{"line":129,"column":12},"end":{"line":131,"column":53}},"type":"cond-expr","locations":[{"start":{"line":130,"column":16},"end":{"line":130,"column":51}},{"start":{"line":131,"column":16},"end":{"line":131,"column":53}}],"line":129},"8":{"loc":{"start":{"line":134,"column":11},"end":{"line":136,"column":11}},"type":"binary-expr","locations":[{"start":{"line":134,"column":11},"end":{"line":134,"column":37}},{"start":{"line":135,"column":12},"end":{"line":135,"column":62}}],"line":134}},"s":{"0":0,"1":0,"2":0,"3":0,"4":0,"5":0,"6":0,"7":0,"8":0,"9":0,"10":0,"11":0,"12":0,"13":0,"14":0,"15":0,"16":0,"17":0,"18":0,"19":0,"20":0},"f":{"0":0,"1":0,"2":0,"3":0,"4":0,"5":0,"6":0},"b":{"0":[0,0],"1":[0,0],"2":[0,0],"3":[0,0],"4":[0,0],"5":[0,0],"6":[0,0],"7":[0,0],"8":[0,0]}}
,"D:\\Projects\\pumpcult\\GymPartnerApp\\src\\features\\auth\\screens\\index.ts": {"path":"D:\\Projects\\pumpcult\\GymPartnerApp\\src\\features\\auth\\screens\\index.ts","statementMap":{},"fnMap":{},"branchMap":{},"s":{},"f":{},"b":{}}
,"D:\\Projects\\pumpcult\\GymPartnerApp\\src\\features\\location\\screens\\LocationPermissionScreen.tsx": {"path":"D:\\Projects\\pumpcult\\GymPartnerApp\\src\\features\\location\\screens\\LocationPermissionScreen.tsx","statementMap":{"0":{"start":{"line":11,"column":50},"end":{"line":58,"column":1}},"1":{"start":{"line":12,"column":21},"end":{"line":12,"column":52}},"2":{"start":{"line":14,"column":28},"end":{"line":18,"column":3}},"3":{"start":{"line":17,"column":4},"end":{"line":17,"column":50}},"4":{"start":{"line":20,"column":2},"end":{"line":57,"column":4}}},"fnMap":{"0":{"name":"(anonymous_0)","decl":{"start":{"line":11,"column":50},"end":{"line":11,"column":51}},"loc":{"start":{"line":11,"column":56},"end":{"line":58,"column":1}},"line":11},"1":{"name":"(anonymous_1)","decl":{"start":{"line":14,"column":28},"end":{"line":14,"column":29}},"loc":{"start":{"line":14,"column":40},"end":{"line":18,"column":3}},"line":14}},"branchMap":{},"s":{"0":0,"1":0,"2":0,"3":0,"4":0},"f":{"0":0,"1":0},"b":{}}
,"D:\\Projects\\pumpcult\\GymPartnerApp\\src\\features\\location\\screens\\index.ts": {"path":"D:\\Projects\\pumpcult\\GymPartnerApp\\src\\features\\location\\screens\\index.ts","statementMap":{},"fnMap":{},"branchMap":{},"s":{},"f":{},"b":{}}
,"D:\\Projects\\pumpcult\\GymPartnerApp\\src\\features\\notifications\\screens\\NotificationPermissionScreen.tsx": {"path":"D:\\Projects\\pumpcult\\GymPartnerApp\\src\\features\\notifications\\screens\\NotificationPermissionScreen.tsx","statementMap":{"0":{"start":{"line":11,"column":54},"end":{"line":76,"column":1}},"1":{"start":{"line":12,"column":21},"end":{"line":12,"column":52}},"2":{"start":{"line":14,"column":35},"end":{"line":18,"column":3}},"3":{"start":{"line":17,"column":4},"end":{"line":17,"column":42}},"4":{"start":{"line":20,"column":21},"end":{"line":22,"column":3}},"5":{"start":{"line":21,"column":4},"end":{"line":21,"column":42}},"6":{"start":{"line":24,"column":2},"end":{"line":75,"column":4}}},"fnMap":{"0":{"name":"(anonymous_0)","decl":{"start":{"line":11,"column":54},"end":{"line":11,"column":55}},"loc":{"start":{"line":11,"column":60},"end":{"line":76,"column":1}},"line":11},"1":{"name":"(anonymous_1)","decl":{"start":{"line":14,"column":35},"end":{"line":14,"column":36}},"loc":{"start":{"line":14,"column":47},"end":{"line":18,"column":3}},"line":14},"2":{"name":"(anonymous_2)","decl":{"start":{"line":20,"column":21},"end":{"line":20,"column":22}},"loc":{"start":{"line":20,"column":27},"end":{"line":22,"column":3}},"line":20}},"branchMap":{},"s":{"0":0,"1":0,"2":0,"3":0,"4":0,"5":0,"6":0},"f":{"0":0,"1":0,"2":0},"b":{}}
,"D:\\Projects\\pumpcult\\GymPartnerApp\\src\\features\\notifications\\screens\\index.ts": {"path":"D:\\Projects\\pumpcult\\GymPartnerApp\\src\\features\\notifications\\screens\\index.ts","statementMap":{},"fnMap":{},"branchMap":{},"s":{},"f":{},"b":{}}
,"D:\\Projects\\pumpcult\\GymPartnerApp\\src\\features\\profile\\screens\\ProfileSetupScreen.tsx": {"path":"D:\\Projects\\pumpcult\\GymPartnerApp\\src\\features\\profile\\screens\\ProfileSetupScreen.tsx","statementMap":{"0":{"start":{"line":10,"column":44},"end":{"line":154,"column":1}},"1":{"start":{"line":11,"column":21},"end":{"line":11,"column":52}},"2":{"start":{"line":12,"column":36},"end":{"line":12,"column":48}},"3":{"start":{"line":13,"column":34},"end":{"line":17,"column":4}},"4":{"start":{"line":19,"column":21},"end":{"line":22,"column":3}},"5":{"start":{"line":20,"column":16},"end":{"line":20,"column":29}},"6":{"start":{"line":21,"column":4},"end":{"line":21,"column":33}},"7":{"start":{"line":24,"column":23},"end":{"line":27,"column":3}},"8":{"start":{"line":25,"column":16},"end":{"line":25,"column":31}},"9":{"start":{"line":26,"column":4},"end":{"line":26,"column":33}},"10":{"start":{"line":29,"column":22},"end":{"line":33,"column":3}},"11":{"start":{"line":30,"column":16},"end":{"line":30,"column":30}},"12":{"start":{"line":31,"column":24},"end":{"line":31,"column":48}},"13":{"start":{"line":32,"column":4},"end":{"line":32,"column":50}},"14":{"start":{"line":35,"column":22},"end":{"line":42,"column":3}},"15":{"start":{"line":36,"column":4},"end":{"line":41,"column":6}},"16":{"start":{"line":43,"column":25},"end":{"line":49,"column":3}},"17":{"start":{"line":44,"column":4},"end":{"line":48,"column":5}},"18":{"start":{"line":46,"column":6},"end":{"line":46,"column":60}},"19":{"start":{"line":47,"column":6},"end":{"line":47,"column":60}},"20":{"start":{"line":51,"column":2},"end":{"line":153,"column":4}},"21":{"start":{"line":98,"column":42},"end":{"line":98,"column":87}},"22":{"start":{"line":98,"column":63},"end":{"line":98,"column":85}},"23":{"start":{"line":111,"column":42},"end":{"line":111,"column":89}},"24":{"start":{"line":111,"column":63},"end":{"line":111,"column":87}},"25":{"start":{"line":124,"column":42},"end":{"line":124,"column":88}},"26":{"start":{"line":124,"column":63},"end":{"line":124,"column":86}}},"fnMap":{"0":{"name":"(anonymous_0)","decl":{"start":{"line":10,"column":44},"end":{"line":10,"column":45}},"loc":{"start":{"line":10,"column":50},"end":{"line":154,"column":1}},"line":10},"1":{"name":"(anonymous_1)","decl":{"start":{"line":19,"column":21},"end":{"line":19,"column":22}},"loc":{"start":{"line":19,"column":38},"end":{"line":22,"column":3}},"line":19},"2":{"name":"(anonymous_2)","decl":{"start":{"line":24,"column":23},"end":{"line":24,"column":24}},"loc":{"start":{"line":24,"column":42},"end":{"line":27,"column":3}},"line":24},"3":{"name":"(anonymous_3)","decl":{"start":{"line":29,"column":22},"end":{"line":29,"column":23}},"loc":{"start":{"line":29,"column":40},"end":{"line":33,"column":3}},"line":29},"4":{"name":"(anonymous_4)","decl":{"start":{"line":35,"column":22},"end":{"line":35,"column":23}},"loc":{"start":{"line":35,"column":28},"end":{"line":42,"column":3}},"line":35},"5":{"name":"(anonymous_5)","decl":{"start":{"line":43,"column":25},"end":{"line":43,"column":26}},"loc":{"start":{"line":43,"column":31},"end":{"line":49,"column":3}},"line":43},"6":{"name":"(anonymous_6)","decl":{"start":{"line":98,"column":32},"end":{"line":98,"column":33}},"loc":{"start":{"line":98,"column":42},"end":{"line":98,"column":87}},"line":98},"7":{"name":"(anonymous_7)","decl":{"start":{"line":98,"column":54},"end":{"line":98,"column":55}},"loc":{"start":{"line":98,"column":63},"end":{"line":98,"column":85}},"line":98},"8":{"name":"(anonymous_8)","decl":{"start":{"line":111,"column":32},"end":{"line":111,"column":33}},"loc":{"start":{"line":111,"column":42},"end":{"line":111,"column":89}},"line":111},"9":{"name":"(anonymous_9)","decl":{"start":{"line":111,"column":54},"end":{"line":111,"column":55}},"loc":{"start":{"line":111,"column":63},"end":{"line":111,"column":87}},"line":111},"10":{"name":"(anonymous_10)","decl":{"start":{"line":124,"column":32},"end":{"line":124,"column":33}},"loc":{"start":{"line":124,"column":42},"end":{"line":124,"column":88}},"line":124},"11":{"name":"(anonymous_11)","decl":{"start":{"line":124,"column":54},"end":{"line":124,"column":55}},"loc":{"start":{"line":124,"column":63},"end":{"line":124,"column":86}},"line":124}},"branchMap":{"0":{"loc":{"start":{"line":21,"column":11},"end":{"line":21,"column":32}},"type":"binary-expr","locations":[{"start":{"line":21,"column":11},"end":{"line":21,"column":19}},{"start":{"line":21,"column":23},"end":{"line":21,"column":32}}],"line":21},"1":{"loc":{"start":{"line":26,"column":11},"end":{"line":26,"column":32}},"type":"binary-expr","locations":[{"start":{"line":26,"column":11},"end":{"line":26,"column":19}},{"start":{"line":26,"column":23},"end":{"line":26,"column":32}}],"line":26},"2":{"loc":{"start":{"line":32,"column":11},"end":{"line":32,"column":49}},"type":"binary-expr","locations":[{"start":{"line":32,"column":11},"end":{"line":32,"column":22}},{"start":{"line":32,"column":26},"end":{"line":32,"column":49}}],"line":32},"3":{"loc":{"start":{"line":37,"column":6},"end":{"line":40,"column":32}},"type":"binary-expr","locations":[{"start":{"line":37,"column":6},"end":{"line":37,"column":26}},{"start":{"line":38,"column":6},"end":{"line":38,"column":30}},{"start":{"line":39,"column":6},"end":{"line":39,"column":34}},{"start":{"line":40,"column":6},"end":{"line":40,"column":32}}],"line":37},"4":{"loc":{"start":{"line":44,"column":4},"end":{"line":48,"column":5}},"type":"if","locations":[{"start":{"line":44,"column":4},"end":{"line":48,"column":5}},{"start":{},"end":{}}],"line":44},"5":{"loc":{"start":{"line":54,"column":18},"end":{"line":54,"column":62}},"type":"cond-expr","locations":[{"start":{"line":54,"column":42},"end":{"line":54,"column":51}},{"start":{"line":54,"column":54},"end":{"line":54,"column":62}}],"line":54},"6":{"loc":{"start":{"line":140,"column":16},"end":{"line":140,"column":69}},"type":"cond-expr","locations":[{"start":{"line":140,"column":32},"end":{"line":140,"column":48}},{"start":{"line":140,"column":51},"end":{"line":140,"column":69}}],"line":140}},"s":{"0":0,"1":0,"2":0,"3":0,"4":0,"5":0,"6":0,"7":0,"8":0,"9":0,"10":0,"11":0,"12":0,"13":0,"14":0,"15":0,"16":0,"17":0,"18":0,"19":0,"20":0,"21":0,"22":0,"23":0,"24":0,"25":0,"26":0},"f":{"0":0,"1":0,"2":0,"3":0,"4":0,"5":0,"6":0,"7":0,"8":0,"9":0,"10":0,"11":0},"b":{"0":[0,0],"1":[0,0],"2":[0,0],"3":[0,0,0,0],"4":[0,0],"5":[0,0],"6":[0,0]}}
,"D:\\Projects\\pumpcult\\GymPartnerApp\\src\\features\\profile\\screens\\index.ts": {"path":"D:\\Projects\\pumpcult\\GymPartnerApp\\src\\features\\profile\\screens\\index.ts","statementMap":{},"fnMap":{},"branchMap":{},"s":{},"f":{},"b":{}}
,"D:\\Projects\\pumpcult\\GymPartnerApp\\src\\navigation\\RootNavigator.tsx": {"path":"D:\\Projects\\pumpcult\\GymPartnerApp\\src\\navigation\\RootNavigator.tsx","statementMap":{"0":{"start":{"line":28,"column":26},"end":{"line":37,"column":1}},"1":{"start":{"line":29,"column":2},"end":{"line":36,"column":9}},"2":{"start":{"line":40,"column":18},"end":{"line":40,"column":40}},"3":{"start":{"line":41,"column":22},"end":{"line":67,"column":1}},"4":{"start":{"line":42,"column":2},"end":{"line":66,"column":24}},"5":{"start":{"line":70,"column":18},"end":{"line":70,"column":40}},"6":{"start":{"line":71,"column":22},"end":{"line":77,"column":1}},"7":{"start":{"line":72,"column":2},"end":{"line":76,"column":24}},"8":{"start":{"line":80,"column":23},"end":{"line":80,"column":45}},"9":{"start":{"line":81,"column":27},"end":{"line":86,"column":1}},"10":{"start":{"line":82,"column":2},"end":{"line":85,"column":29}},"11":{"start":{"line":89,"column":20},"end":{"line":89,"column":42}},"12":{"start":{"line":90,"column":24},"end":{"line":95,"column":1}},"13":{"start":{"line":91,"column":2},"end":{"line":94,"column":26}},"14":{"start":{"line":98,"column":21},"end":{"line":98,"column":43}},"15":{"start":{"line":99,"column":25},"end":{"line":108,"column":1}},"16":{"start":{"line":100,"column":2},"end":{"line":107,"column":27}},"17":{"start":{"line":111,"column":16},"end":{"line":111,"column":42}},"18":{"start":{"line":112,"column":22},"end":{"line":128,"column":1}},"19":{"start":{"line":113,"column":2},"end":{"line":127,"column":22}},"20":{"start":{"line":131,"column":18},"end":{"line":131,"column":40}},"21":{"start":{"line":132,"column":29},"end":{"line":151,"column":1}},"22":{"start":{"line":134,"column":26},"end":{"line":134,"column":31}},"23":{"start":{"line":136,"column":2},"end":{"line":150,"column":4}}},"fnMap":{"0":{"name":"(anonymous_0)","decl":{"start":{"line":28,"column":26},"end":{"line":28,"column":27}},"loc":{"start":{"line":29,"column":2},"end":{"line":36,"column":9}},"line":29},"1":{"name":"(anonymous_1)","decl":{"start":{"line":41,"column":22},"end":{"line":41,"column":23}},"loc":{"start":{"line":42,"column":2},"end":{"line":66,"column":24}},"line":42},"2":{"name":"(anonymous_2)","decl":{"start":{"line":71,"column":22},"end":{"line":71,"column":23}},"loc":{"start":{"line":72,"column":2},"end":{"line":76,"column":24}},"line":72},"3":{"name":"(anonymous_3)","decl":{"start":{"line":81,"column":27},"end":{"line":81,"column":28}},"loc":{"start":{"line":82,"column":2},"end":{"line":85,"column":29}},"line":82},"4":{"name":"(anonymous_4)","decl":{"start":{"line":90,"column":24},"end":{"line":90,"column":25}},"loc":{"start":{"line":91,"column":2},"end":{"line":94,"column":26}},"line":91},"5":{"name":"(anonymous_5)","decl":{"start":{"line":99,"column":25},"end":{"line":99,"column":26}},"loc":{"start":{"line":100,"column":2},"end":{"line":107,"column":27}},"line":100},"6":{"name":"(anonymous_6)","decl":{"start":{"line":112,"column":22},"end":{"line":112,"column":23}},"loc":{"start":{"line":113,"column":2},"end":{"line":127,"column":22}},"line":113},"7":{"name":"(anonymous_7)","decl":{"start":{"line":132,"column":29},"end":{"line":132,"column":30}},"loc":{"start":{"line":132,"column":35},"end":{"line":151,"column":1}},"line":132}},"branchMap":{"0":{"loc":{"start":{"line":143,"column":9},"end":{"line":147,"column":9}},"type":"cond-expr","locations":[{"start":{"line":144,"column":10},"end":{"line":144,"column":68}},{"start":{"line":146,"column":10},"end":{"line":146,"column":68}}],"line":143}},"s":{"0":0,"1":0,"2":0,"3":0,"4":0,"5":0,"6":0,"7":0,"8":0,"9":0,"10":0,"11":0,"12":0,"13":0,"14":0,"15":0,"16":0,"17":0,"18":0,"19":0,"20":0,"21":0,"22":0,"23":0},"f":{"0":0,"1":0,"2":0,"3":0,"4":0,"5":0,"6":0,"7":0},"b":{"0":[0,0]}}
,"D:\\Projects\\pumpcult\\GymPartnerApp\\src\\navigation\\index.ts": {"path":"D:\\Projects\\pumpcult\\GymPartnerApp\\src\\navigation\\index.ts","statementMap":{},"fnMap":{},"branchMap":{},"s":{},"f":{},"b":{}}
,"D:\\Projects\\pumpcult\\GymPartnerApp\\src\\types\\navigation.ts": {"path":"D:\\Projects\\pumpcult\\GymPartnerApp\\src\\types\\navigation.ts","statementMap":{},"fnMap":{},"branchMap":{},"s":{},"f":{},"b":{}}
,"D:\\Projects\\pumpcult\\GymPartnerApp\\src\\utils\\styleUtils.ts": {"path":"D:\\Projects\\pumpcult\\GymPartnerApp\\src\\utils\\styleUtils.ts","statementMap":{"0":{"start":{"line":2,"column":2},"end":{"line":2,"column":43}}},"fnMap":{"0":{"name":"classNames","decl":{"start":{"line":1,"column":16},"end":{"line":1,"column":26}},"loc":{"start":{"line":1,"column":86},"end":{"line":3,"column":1}},"line":1}},"branchMap":{},"s":{"0":25},"f":{"0":25},"b":{},"_coverageSchema":"1a1c01bbd47fc00a2c39e90264f33305004495a9","hash":"383291f6c352b9889f898982a8be1a6bf0a9e0eb"}
,"D:\\Projects\\pumpcult\\GymPartnerApp\\src\\utils\\test-utils.tsx": {"path":"D:\\Projects\\pumpcult\\GymPartnerApp\\src\\utils\\test-utils.tsx","statementMap":{"0":{"start":{"line":7,"column":35},"end":{"line":17,"column":1}},"1":{"start":{"line":8,"column":2},"end":{"line":16,"column":4}}},"fnMap":{"0":{"name":"(anonymous_0)","decl":{"start":{"line":7,"column":35},"end":{"line":7,"column":36}},"loc":{"start":{"line":7,"column":63},"end":{"line":17,"column":1}},"line":7}},"branchMap":{},"s":{"0":2,"1":12},"f":{"0":12},"b":{},"_coverageSchema":"1a1c01bbd47fc00a2c39e90264f33305004495a9","hash":"398cf5618937f917baafd5eaced6335277035867"}
}
