TN:
SF:src\index.ts
FNF:0
FNH:0
LF:0
LH:0
BRF:0
BRH:0
end_of_record
TN:
SF:src\setupTests.ts
FNF:0
FNH:0
LF:0
LH:0
BRF:0
BRH:0
end_of_record
TN:
SF:src\assets\images\location-illustration.ts
FNF:0
FNH:0
DA:2,0
LF:1
LH:0
BRF:0
BRH:0
end_of_record
TN:
SF:src\components\BackgroundImage.tsx
FN:12,(anonymous_0)
FN:34,(anonymous_1)
FN:35,(anonymous_2)
FNF:3
FNH:0
FNDA:0,(anonymous_0)
FNDA:0,(anonymous_1)
FNDA:0,(anonymous_2)
DA:12,0
DA:19,0
DA:22,0
DA:23,0
DA:25,0
DA:34,0
DA:35,0
LF:7
LH:0
BRDA:15,0,0,0
BRDA:16,1,0,0
BRDA:23,2,0,0
BRDA:23,2,1,0
BRDA:28,3,0,0
BRDA:28,3,1,0
BRDA:44,4,0,0
BRDA:44,4,1,0
BRDA:55,5,0,0
BRDA:55,5,1,0
BRDA:55,5,2,0
BRF:11
BRH:0
end_of_record
TN:
SF:src\components\Container.tsx
FN:3,(anonymous_0)
FNF:1
FNH:0
FNDA:0,(anonymous_0)
DA:3,0
DA:4,0
DA:7,0
LF:3
LH:0
BRF:0
BRH:0
end_of_record
TN:
SF:src\components\ContinueButton.tsx
FN:21,(anonymous_0)
FNF:1
FNH:1
FNDA:25,(anonymous_0)
DA:21,2
DA:31,25
LF:2
LH:2
BRDA:23,0,0,0
BRDA:24,1,0,0
BRDA:25,2,0,25
BRDA:26,3,0,25
BRDA:27,4,0,25
BRDA:41,5,0,10
BRDA:41,5,1,15
BRF:7
BRH:5
end_of_record
TN:
SF:src\components\EditScreenInfo.tsx
FN:3,(anonymous_0)
FNF:1
FNH:0
FNDA:0,(anonymous_0)
DA:3,0
DA:4,0
DA:6,0
DA:8,0
DA:21,0
LF:5
LH:0
BRF:0
BRH:0
end_of_record
TN:
SF:src\components\ScreenContent.tsx
FN:11,(anonymous_0)
FNF:1
FNH:0
FNDA:0,(anonymous_0)
DA:11,0
DA:12,0
DA:21,0
LF:3
LH:0
BRF:0
BRH:0
end_of_record
TN:
SF:src\components\index.ts
FNF:0
FNH:0
LF:0
LH:0
BRF:0
BRH:0
end_of_record
TN:
SF:src\constants\colors.ts
FN:34,(anonymous_0)
FNF:1
FNH:0
FNDA:0,(anonymous_0)
DA:6,0
DA:36,0
DA:37,0
DA:38,0
DA:39,0
DA:40,0
DA:42,0
LF:7
LH:0
BRDA:36,0,0,0
BRDA:36,0,1,0
BRF:2
BRH:0
end_of_record
TN:
SF:src\features\auth\screens\EmailScreen.tsx
FN:11,(anonymous_0)
FN:15,(anonymous_1)
FN:18,(anonymous_2)
FN:25,(anonymous_3)
FNF:4
FNH:4
FNDA:7,(anonymous_0)
FNDA:8,(anonymous_1)
FNDA:1,(anonymous_2)
FNDA:1,(anonymous_3)
DA:11,1
DA:12,7
DA:13,7
DA:15,7
DA:16,8
DA:18,7
DA:19,1
DA:20,1
DA:21,1
DA:25,7
DA:26,1
DA:29,7
LF:12
LH:12
BRDA:19,0,0,1
BRDA:19,0,1,0
BRDA:54,1,0,2
BRDA:54,1,1,5
BRF:4
BRH:3
end_of_record
TN:
SF:src\features\auth\screens\GenderSelectionScreen.tsx
FN:13,(anonymous_0)
FN:20,(anonymous_1)
FN:52,(anonymous_2)
FN:60,(anonymous_3)
FNF:4
FNH:0
FNDA:0,(anonymous_0)
FNDA:0,(anonymous_1)
FNDA:0,(anonymous_2)
FNDA:0,(anonymous_3)
DA:13,0
DA:14,0
DA:15,0
DA:16,0
DA:17,0
DA:18,0
DA:20,0
DA:21,0
DA:22,0
DA:23,0
DA:24,0
DA:28,0
DA:53,0
DA:61,0
DA:62,0
DA:63,0
LF:16
LH:0
BRDA:16,0,0,0
BRDA:16,0,1,0
BRDA:21,1,0,0
BRDA:21,1,1,0
BRDA:22,2,0,0
BRDA:22,2,1,0
BRDA:56,3,0,0
BRDA:56,3,1,0
BRDA:59,4,0,0
BRDA:59,4,1,0
BRDA:62,5,0,0
BRDA:62,5,1,0
BRDA:69,6,0,0
BRDA:69,6,1,0
BRDA:78,7,0,0
BRDA:78,7,1,0
BRDA:83,8,0,0
BRDA:83,8,1,0
BRDA:92,9,0,0
BRDA:92,9,1,0
BRDA:117,10,0,0
BRDA:117,10,1,0
BRDA:117,10,2,0
BRF:23
BRH:0
end_of_record
TN:
SF:src\features\auth\screens\GenderVisibilityScreen.tsx
FN:11,(anonymous_0)
FN:16,(anonymous_1)
FNF:2
FNH:0
FNDA:0,(anonymous_0)
FNDA:0,(anonymous_1)
DA:11,0
DA:12,0
DA:13,0
DA:14,0
DA:15,0
DA:16,0
DA:17,0
DA:18,0
DA:21,0
LF:9
LH:0
BRDA:15,0,0,0
BRDA:15,0,1,0
BRF:2
BRH:0
end_of_record
TN:
SF:src\features\auth\screens\GymModeScreen.tsx
FN:19,(anonymous_0)
FN:40,(anonymous_1)
FN:68,(anonymous_2)
FN:76,(anonymous_3)
FNF:4
FNH:0
FNDA:0,(anonymous_0)
FNDA:0,(anonymous_1)
FNDA:0,(anonymous_2)
FNDA:0,(anonymous_3)
DA:19,0
DA:20,0
DA:21,0
DA:23,0
DA:40,0
DA:41,0
DA:42,0
DA:43,0
DA:47,0
DA:69,0
DA:76,0
LF:11
LH:0
BRDA:41,0,0,0
BRDA:41,0,1,0
BRDA:72,1,0,0
BRDA:72,1,1,0
BRDA:75,2,0,0
BRDA:75,2,1,0
BRDA:82,3,0,0
BRDA:82,3,1,0
BRDA:91,4,0,0
BRDA:91,4,1,0
BRDA:101,5,0,0
BRDA:101,5,1,0
BRDA:106,6,0,0
BRDA:106,6,1,0
BRF:14
BRH:0
end_of_record
TN:
SF:src\features\auth\screens\HeightSelectionScreen.tsx
FN:20,(anonymous_0)
FN:25,(anonymous_1)
FN:41,(anonymous_2)
FN:43,(anonymous_3)
FN:44,(anonymous_4)
FN:54,(anonymous_5)
FN:60,(anonymous_6)
FN:64,(anonymous_7)
FN:78,(anonymous_8)
FN:128,(anonymous_9)
FN:134,(anonymous_10)
FNF:11
FNH:0
FNDA:0,(anonymous_0)
FNDA:0,(anonymous_1)
FNDA:0,(anonymous_2)
FNDA:0,(anonymous_3)
FNDA:0,(anonymous_4)
FNDA:0,(anonymous_5)
FNDA:0,(anonymous_6)
FNDA:0,(anonymous_7)
FNDA:0,(anonymous_8)
FNDA:0,(anonymous_9)
FNDA:0,(anonymous_10)
DA:16,0
DA:17,0
DA:18,0
DA:20,0
DA:21,0
DA:22,0
DA:23,0
DA:25,0
DA:26,0
DA:27,0
DA:28,0
DA:29,0
DA:30,0
DA:31,0
DA:37,0
DA:40,0
DA:41,0
DA:43,0
DA:44,0
DA:45,0
DA:50,0
DA:54,0
DA:55,0
DA:56,0
DA:60,0
DA:61,0
DA:64,0
DA:65,0
DA:78,0
DA:79,0
DA:80,0
DA:81,0
DA:82,0
DA:86,0
DA:128,0
DA:134,0
LF:36
LH:0
BRDA:29,0,0,0
BRDA:29,0,1,0
BRDA:29,1,0,0
BRDA:29,1,1,0
BRDA:55,2,0,0
BRDA:55,2,1,0
BRDA:68,3,0,0
BRDA:68,3,1,0
BRDA:81,4,0,0
BRDA:81,4,1,0
BRDA:81,5,0,0
BRDA:81,5,1,0
BRF:12
BRH:0
end_of_record
TN:
SF:src\features\auth\screens\InterestsSelectionScreen.tsx
FN:23,(anonymous_0)
FN:56,(anonymous_1)
FN:59,(anonymous_2)
FN:63,(anonymous_3)
FN:73,(anonymous_4)
FN:76,(anonymous_5)
FN:76,(anonymous_6)
FN:84,(anonymous_7)
FN:133,(anonymous_8)
FN:136,(anonymous_9)
FNF:10
FNH:10
FNDA:18,(anonymous_0)
FNDA:8,(anonymous_1)
FNDA:200,(anonymous_2)
FNDA:10,(anonymous_3)
FNDA:1,(anonymous_4)
FNDA:1,(anonymous_5)
FNDA:2,(anonymous_6)
FNDA:1,(anonymous_7)
FNDA:426,(anonymous_8)
FNDA:10,(anonymous_9)
DA:23,1
DA:24,18
DA:25,18
DA:26,18
DA:28,18
DA:56,18
DA:57,8
DA:58,8
DA:59,200
DA:63,18
DA:64,10
DA:65,10
DA:66,1
DA:67,9
DA:68,8
DA:70,10
DA:73,18
DA:74,1
DA:75,1
DA:76,2
DA:78,1
DA:80,1
DA:84,18
DA:85,1
DA:88,18
DA:134,426
DA:136,10
LF:27
LH:27
BRDA:65,0,0,1
BRDA:65,0,1,9
BRDA:67,1,0,8
BRDA:67,1,1,1
BRDA:74,2,0,1
BRDA:74,2,1,0
BRDA:138,3,0,23
BRDA:138,3,1,403
BRDA:146,4,0,23
BRDA:146,4,1,403
BRF:10
BRH:9
end_of_record
TN:
SF:src\features\auth\screens\OtpVerificationScreen.tsx
FN:21,(anonymous_0)
FN:30,(anonymous_1)
FN:31,(anonymous_2)
FN:32,(anonymous_3)
FN:35,(anonymous_4)
FN:38,(anonymous_5)
FN:49,(anonymous_6)
FN:56,(anonymous_7)
FN:62,(anonymous_8)
FN:70,(anonymous_9)
FN:85,(anonymous_10)
FN:100,(anonymous_11)
FN:103,(anonymous_12)
FN:108,(anonymous_13)
FN:109,(anonymous_14)
FN:131,(anonymous_15)
FN:134,(anonymous_16)
FNF:17
FNH:0
FNDA:0,(anonymous_0)
FNDA:0,(anonymous_1)
FNDA:0,(anonymous_2)
FNDA:0,(anonymous_3)
FNDA:0,(anonymous_4)
FNDA:0,(anonymous_5)
FNDA:0,(anonymous_6)
FNDA:0,(anonymous_7)
FNDA:0,(anonymous_8)
FNDA:0,(anonymous_9)
FNDA:0,(anonymous_10)
FNDA:0,(anonymous_11)
FNDA:0,(anonymous_12)
FNDA:0,(anonymous_13)
FNDA:0,(anonymous_14)
FNDA:0,(anonymous_15)
FNDA:0,(anonymous_16)
DA:19,0
DA:21,0
DA:22,0
DA:23,0
DA:24,0
DA:26,0
DA:27,0
DA:28,0
DA:30,0
DA:31,0
DA:32,0
DA:35,0
DA:38,0
DA:39,0
DA:40,0
DA:41,0
DA:44,0
DA:45,0
DA:49,0
DA:51,0
DA:52,0
DA:56,0
DA:57,0
DA:59,0
DA:62,0
DA:63,0
DA:64,0
DA:67,0
DA:70,0
DA:72,0
DA:75,0
DA:85,0
DA:101,0
DA:103,0
DA:108,0
DA:109,0
DA:131,0
DA:134,0
LF:38
LH:0
BRDA:32,0,0,0
BRDA:32,0,1,0
BRDA:44,1,0,0
BRDA:44,1,1,0
BRDA:44,2,0,0
BRDA:44,2,1,0
BRDA:51,3,0,0
BRDA:51,3,1,0
BRDA:51,4,0,0
BRDA:51,4,1,0
BRDA:51,4,2,0
BRDA:77,5,0,0
BRDA:77,5,1,0
BRDA:120,6,0,0
BRDA:120,6,1,0
BRDA:121,7,0,0
BRDA:121,7,1,0
BRDA:131,8,0,0
BRDA:131,8,1,0
BRF:19
BRH:0
end_of_record
TN:
SF:src\features\auth\screens\PersonalQuestionsScreen.tsx
FN:28,(anonymous_0)
FN:56,(anonymous_1)
FN:67,(anonymous_2)
FN:69,(anonymous_3)
FN:77,(anonymous_4)
FN:86,(anonymous_5)
FN:91,(anonymous_6)
FN:99,(anonymous_7)
FN:102,(anonymous_8)
FN:103,(anonymous_9)
FN:109,(anonymous_10)
FN:113,(anonymous_11)
FN:116,(anonymous_12)
FN:159,(anonymous_13)
FN:162,(anonymous_14)
FN:186,(anonymous_15)
FN:222,(anonymous_16)
FNF:17
FNH:0
FNDA:0,(anonymous_0)
FNDA:0,(anonymous_1)
FNDA:0,(anonymous_2)
FNDA:0,(anonymous_3)
FNDA:0,(anonymous_4)
FNDA:0,(anonymous_5)
FNDA:0,(anonymous_6)
FNDA:0,(anonymous_7)
FNDA:0,(anonymous_8)
FNDA:0,(anonymous_9)
FNDA:0,(anonymous_10)
FNDA:0,(anonymous_11)
FNDA:0,(anonymous_12)
FNDA:0,(anonymous_13)
FNDA:0,(anonymous_14)
FNDA:0,(anonymous_15)
FNDA:0,(anonymous_16)
DA:28,0
DA:29,0
DA:30,0
DA:31,0
DA:32,0
DA:33,0
DA:34,0
DA:35,0
DA:36,0
DA:38,0
DA:45,0
DA:56,0
DA:57,0
DA:58,0
DA:59,0
DA:60,0
DA:67,0
DA:68,0
DA:69,0
DA:73,0
DA:78,0
DA:79,0
DA:80,0
DA:82,0
DA:86,0
DA:87,0
DA:92,0
DA:93,0
DA:94,0
DA:96,0
DA:99,0
DA:100,0
DA:101,0
DA:102,0
DA:103,0
DA:104,0
DA:105,0
DA:109,0
DA:110,0
DA:113,0
DA:114,0
DA:116,0
DA:133,0
DA:160,0
DA:162,0
DA:186,0
DA:222,0
LF:47
LH:0
BRDA:58,0,0,0
BRDA:58,0,1,0
BRDA:68,1,0,0
BRDA:68,1,1,0
BRDA:68,2,0,0
BRDA:68,2,1,0
BRDA:100,3,0,0
BRDA:100,3,1,0
BRDA:118,4,0,0
BRDA:118,4,1,0
BRDA:125,5,0,0
BRDA:125,5,1,0
BRDA:167,6,0,0
BRDA:167,6,1,0
BRDA:174,7,0,0
BRDA:174,7,1,0
BRF:16
BRH:0
end_of_record
TN:
SF:src\features\auth\screens\PhoneNumberScreen.tsx
FN:17,(anonymous_0)
FN:27,(anonymous_1)
FN:32,(anonymous_2)
FN:53,(anonymous_3)
FNF:4
FNH:0
FNDA:0,(anonymous_0)
FNDA:0,(anonymous_1)
FNDA:0,(anonymous_2)
FNDA:0,(anonymous_3)
DA:17,0
DA:18,0
DA:19,0
DA:20,0
DA:27,0
DA:29,0
DA:32,0
DA:33,0
DA:36,0
DA:37,0
DA:40,0
DA:43,0
DA:53,0
LF:13
LH:0
BRDA:33,0,0,0
BRDA:33,0,1,0
BRDA:45,1,0,0
BRDA:45,1,1,0
BRDA:100,2,0,0
BRDA:100,2,1,0
BRF:6
BRH:0
end_of_record
TN:
SF:src\features\auth\screens\PhotosScreen.tsx
FN:23,(anonymous_0)
FN:27,(anonymous_1)
FN:52,(anonymous_2)
FN:53,(anonymous_3)
FN:54,(anonymous_4)
FN:65,(anonymous_5)
FN:66,(anonymous_6)
FN:66,(anonymous_7)
FN:69,(anonymous_8)
FN:76,(anonymous_9)
FN:77,(anonymous_10)
FN:81,(anonymous_11)
FN:94,(anonymous_12)
FN:129,(anonymous_13)
FN:139,(anonymous_14)
FNF:15
FNH:0
FNDA:0,(anonymous_0)
FNDA:0,(anonymous_1)
FNDA:0,(anonymous_2)
FNDA:0,(anonymous_3)
FNDA:0,(anonymous_4)
FNDA:0,(anonymous_5)
FNDA:0,(anonymous_6)
FNDA:0,(anonymous_7)
FNDA:0,(anonymous_8)
FNDA:0,(anonymous_9)
FNDA:0,(anonymous_10)
FNDA:0,(anonymous_11)
FNDA:0,(anonymous_12)
FNDA:0,(anonymous_13)
FNDA:0,(anonymous_14)
DA:23,0
DA:24,0
DA:25,0
DA:27,0
DA:28,0
DA:29,0
DA:31,0
DA:32,0
DA:36,0
DA:39,0
DA:46,0
DA:47,0
DA:52,0
DA:53,0
DA:54,0
DA:58,0
DA:65,0
DA:66,0
DA:69,0
DA:70,0
DA:72,0
DA:76,0
DA:77,0
DA:79,0
DA:81,0
DA:94,0
DA:109,0
DA:130,0
LF:28
LH:0
BRDA:31,0,0,0
BRDA:31,0,1,0
BRDA:46,1,0,0
BRDA:46,1,1,0
BRDA:46,2,0,0
BRDA:46,2,1,0
BRDA:70,3,0,0
BRDA:70,3,1,0
BRDA:83,4,0,0
BRDA:83,4,1,0
BRDA:86,5,0,0
BRDA:86,5,1,0
BRF:12
BRH:0
end_of_record
TN:
SF:src\features\auth\screens\PreferredPartnersScreen.tsx
FN:13,(anonymous_0)
FN:25,(anonymous_1)
FN:35,(anonymous_2)
FN:40,(anonymous_3)
FN:43,(anonymous_4)
FN:83,(anonymous_5)
FN:91,(anonymous_6)
FNF:7
FNH:0
FNDA:0,(anonymous_0)
FNDA:0,(anonymous_1)
FNDA:0,(anonymous_2)
FNDA:0,(anonymous_3)
FNDA:0,(anonymous_4)
FNDA:0,(anonymous_5)
FNDA:0,(anonymous_6)
DA:13,0
DA:14,0
DA:15,0
DA:16,0
DA:17,0
DA:19,0
DA:25,0
DA:26,0
DA:27,0
DA:28,0
DA:30,0
DA:32,0
DA:35,0
DA:36,0
DA:37,0
DA:38,0
DA:40,0
DA:41,0
DA:44,0
DA:47,0
DA:48,0
DA:51,0
DA:84,0
DA:91,0
LF:24
LH:0
BRDA:27,0,0,0
BRDA:27,0,1,0
BRDA:37,1,0,0
BRDA:37,1,1,0
BRDA:44,2,0,0
BRDA:44,2,1,0
BRDA:44,3,0,0
BRDA:44,3,1,0
BRDA:84,4,0,0
BRDA:84,4,1,0
BRDA:87,5,0,0
BRDA:87,5,1,0
BRDA:87,6,0,0
BRDA:87,6,1,0
BRDA:91,7,0,0
BRDA:91,7,1,0
BRDA:97,8,0,0
BRDA:97,8,1,0
BRDA:97,9,0,0
BRDA:97,9,1,0
BRDA:102,10,0,0
BRDA:102,10,1,0
BRDA:102,10,2,0
BRDA:109,11,0,0
BRDA:109,11,1,0
BRDA:109,11,2,0
BRDA:109,11,3,0
BRDA:138,12,0,0
BRDA:138,12,1,0
BRDA:138,12,2,0
BRDA:138,12,3,0
BRF:31
BRH:0
end_of_record
TN:
SF:src\features\auth\screens\PrivacyConsentScreen.tsx
FN:11,(anonymous_0)
FN:22,(anonymous_1)
FN:25,(anonymous_2)
FN:30,(anonymous_3)
FN:34,(anonymous_4)
FN:38,(anonymous_5)
FN:55,(anonymous_6)
FN:82,(anonymous_7)
FNF:8
FNH:0
FNDA:0,(anonymous_0)
FNDA:0,(anonymous_1)
FNDA:0,(anonymous_2)
FNDA:0,(anonymous_3)
FNDA:0,(anonymous_4)
FNDA:0,(anonymous_5)
FNDA:0,(anonymous_6)
FNDA:0,(anonymous_7)
DA:11,0
DA:12,0
DA:22,0
DA:23,0
DA:25,0
DA:27,0
DA:30,0
DA:31,0
DA:34,0
DA:35,0
DA:38,0
DA:39,0
DA:42,0
DA:55,0
DA:83,0
LF:15
LH:0
BRF:0
BRH:0
end_of_record
TN:
SF:src\features\auth\screens\PrivacyPreferencesScreen.tsx
FN:20,(anonymous_0)
FN:31,(anonymous_1)
FN:44,(anonymous_2)
FN:62,(anonymous_3)
FN:82,(anonymous_4)
FN:83,(anonymous_5)
FN:92,(anonymous_6)
FN:93,(anonymous_7)
FN:95,(anonymous_8)
FN:103,(anonymous_9)
FN:104,(anonymous_10)
FN:106,(anonymous_11)
FN:114,(anonymous_12)
FN:119,(anonymous_13)
FN:128,(anonymous_14)
FN:135,(anonymous_15)
FN:148,(anonymous_16)
FN:155,(anonymous_17)
FN:176,(anonymous_18)
FN:183,(anonymous_19)
FN:218,(anonymous_20)
FN:225,(anonymous_21)
FN:238,(anonymous_22)
FN:243,(anonymous_23)
FN:248,(anonymous_24)
FNF:25
FNH:0
FNDA:0,(anonymous_0)
FNDA:0,(anonymous_1)
FNDA:0,(anonymous_2)
FNDA:0,(anonymous_3)
FNDA:0,(anonymous_4)
FNDA:0,(anonymous_5)
FNDA:0,(anonymous_6)
FNDA:0,(anonymous_7)
FNDA:0,(anonymous_8)
FNDA:0,(anonymous_9)
FNDA:0,(anonymous_10)
FNDA:0,(anonymous_11)
FNDA:0,(anonymous_12)
FNDA:0,(anonymous_13)
FNDA:0,(anonymous_14)
FNDA:0,(anonymous_15)
FNDA:0,(anonymous_16)
FNDA:0,(anonymous_17)
FNDA:0,(anonymous_18)
FNDA:0,(anonymous_19)
FNDA:0,(anonymous_20)
FNDA:0,(anonymous_21)
FNDA:0,(anonymous_22)
FNDA:0,(anonymous_23)
FNDA:0,(anonymous_24)
DA:20,0
DA:21,0
DA:31,0
DA:32,0
DA:44,0
DA:49,0
DA:62,0
DA:63,0
DA:64,0
DA:65,0
DA:82,0
DA:83,0
DA:92,0
DA:93,0
DA:95,0
DA:100,0
DA:103,0
DA:104,0
DA:106,0
DA:111,0
DA:114,0
DA:116,0
DA:119,0
DA:120,0
DA:122,0
DA:129,0
DA:135,0
DA:142,0
DA:149,0
DA:155,0
DA:162,0
DA:177,0
DA:183,0
DA:192,0
DA:218,0
DA:225,0
DA:238,0
DA:243,0
DA:248,0
LF:39
LH:0
BRDA:34,0,0,0
BRDA:34,0,1,0
BRDA:39,1,0,0
BRDA:39,1,1,0
BRDA:53,2,0,0
BRDA:53,2,1,0
BRDA:56,3,0,0
BRDA:56,3,1,0
BRDA:120,4,0,0
BRDA:120,4,1,0
BRDA:120,4,2,0
BRF:11
BRH:0
end_of_record
TN:
SF:src\features\auth\screens\TrackingConsentScreen.tsx
FN:11,(anonymous_0)
FN:38,(anonymous_1)
FN:41,(anonymous_2)
FN:46,(anonymous_3)
FNF:4
FNH:0
FNDA:0,(anonymous_0)
FNDA:0,(anonymous_1)
FNDA:0,(anonymous_2)
FNDA:0,(anonymous_3)
DA:11,0
DA:12,0
DA:38,0
DA:39,0
DA:41,0
DA:43,0
DA:46,0
DA:47,0
DA:50,0
LF:9
LH:0
BRF:0
BRH:0
end_of_record
TN:
SF:src\features\auth\screens\WelcomeScreen.tsx
FN:7,(anonymous_0)
FN:14,(anonymous_1)
FNF:2
FNH:0
FNDA:0,(anonymous_0)
FNDA:0,(anonymous_1)
DA:7,0
DA:8,0
DA:10,0
DA:14,0
DA:15,0
DA:18,0
LF:6
LH:0
BRF:0
BRH:0
end_of_record
TN:
SF:src\features\auth\screens\WorkoutGoalsScreen.tsx
FN:18,(anonymous_0)
FN:54,(anonymous_1)
FN:66,(anonymous_2)
FN:69,(anonymous_3)
FN:69,(anonymous_4)
FN:97,(anonymous_5)
FN:105,(anonymous_6)
FNF:7
FNH:0
FNDA:0,(anonymous_0)
FNDA:0,(anonymous_1)
FNDA:0,(anonymous_2)
FNDA:0,(anonymous_3)
FNDA:0,(anonymous_4)
FNDA:0,(anonymous_5)
FNDA:0,(anonymous_6)
DA:18,0
DA:19,0
DA:20,0
DA:22,0
DA:54,0
DA:55,0
DA:56,0
DA:57,0
DA:59,0
DA:60,0
DA:63,0
DA:66,0
DA:67,0
DA:68,0
DA:69,0
DA:71,0
DA:73,0
DA:77,0
DA:98,0
DA:105,0
LF:20
LH:0
BRDA:56,0,0,0
BRDA:56,0,1,0
BRDA:59,1,0,0
BRDA:59,1,1,0
BRDA:67,2,0,0
BRDA:67,2,1,0
BRDA:98,3,0,0
BRDA:98,3,1,0
BRDA:101,4,0,0
BRDA:101,4,1,0
BRDA:110,5,0,0
BRDA:110,5,1,0
BRDA:119,6,0,0
BRDA:119,6,1,0
BRDA:129,7,0,0
BRDA:129,7,1,0
BRDA:134,8,0,0
BRDA:134,8,1,0
BRF:18
BRH:0
end_of_record
TN:
SF:src\features\auth\screens\index.ts
FNF:0
FNH:0
LF:0
LH:0
BRF:0
BRH:0
end_of_record
TN:
SF:src\features\location\screens\LocationPermissionScreen.tsx
FN:11,(anonymous_0)
FN:14,(anonymous_1)
FNF:2
FNH:0
FNDA:0,(anonymous_0)
FNDA:0,(anonymous_1)
DA:11,0
DA:12,0
DA:14,0
DA:17,0
DA:20,0
LF:5
LH:0
BRF:0
BRH:0
end_of_record
TN:
SF:src\features\location\screens\index.ts
FNF:0
FNH:0
LF:0
LH:0
BRF:0
BRH:0
end_of_record
TN:
SF:src\features\notifications\screens\NotificationPermissionScreen.tsx
FN:11,(anonymous_0)
FN:14,(anonymous_1)
FN:20,(anonymous_2)
FNF:3
FNH:0
FNDA:0,(anonymous_0)
FNDA:0,(anonymous_1)
FNDA:0,(anonymous_2)
DA:11,0
DA:12,0
DA:14,0
DA:17,0
DA:20,0
DA:21,0
DA:24,0
LF:7
LH:0
BRF:0
BRH:0
end_of_record
TN:
SF:src\features\notifications\screens\index.ts
FNF:0
FNH:0
LF:0
LH:0
BRF:0
BRH:0
end_of_record
TN:
SF:src\features\profile\screens\ProfileSetupScreen.tsx
FN:10,(anonymous_0)
FN:19,(anonymous_1)
FN:24,(anonymous_2)
FN:29,(anonymous_3)
FN:35,(anonymous_4)
FN:43,(anonymous_5)
FN:98,(anonymous_6)
FN:98,(anonymous_7)
FN:111,(anonymous_8)
FN:111,(anonymous_9)
FN:124,(anonymous_10)
FN:124,(anonymous_11)
FNF:12
FNH:0
FNDA:0,(anonymous_0)
FNDA:0,(anonymous_1)
FNDA:0,(anonymous_2)
FNDA:0,(anonymous_3)
FNDA:0,(anonymous_4)
FNDA:0,(anonymous_5)
FNDA:0,(anonymous_6)
FNDA:0,(anonymous_7)
FNDA:0,(anonymous_8)
FNDA:0,(anonymous_9)
FNDA:0,(anonymous_10)
FNDA:0,(anonymous_11)
DA:10,0
DA:11,0
DA:12,0
DA:13,0
DA:19,0
DA:20,0
DA:21,0
DA:24,0
DA:25,0
DA:26,0
DA:29,0
DA:30,0
DA:31,0
DA:32,0
DA:35,0
DA:36,0
DA:43,0
DA:44,0
DA:46,0
DA:47,0
DA:51,0
DA:98,0
DA:111,0
DA:124,0
LF:24
LH:0
BRDA:21,0,0,0
BRDA:21,0,1,0
BRDA:26,1,0,0
BRDA:26,1,1,0
BRDA:32,2,0,0
BRDA:32,2,1,0
BRDA:37,3,0,0
BRDA:37,3,1,0
BRDA:37,3,2,0
BRDA:37,3,3,0
BRDA:44,4,0,0
BRDA:44,4,1,0
BRDA:54,5,0,0
BRDA:54,5,1,0
BRDA:140,6,0,0
BRDA:140,6,1,0
BRF:16
BRH:0
end_of_record
TN:
SF:src\features\profile\screens\index.ts
FNF:0
FNH:0
LF:0
LH:0
BRF:0
BRH:0
end_of_record
TN:
SF:src\navigation\RootNavigator.tsx
FN:28,(anonymous_0)
FN:41,(anonymous_1)
FN:71,(anonymous_2)
FN:81,(anonymous_3)
FN:90,(anonymous_4)
FN:99,(anonymous_5)
FN:112,(anonymous_6)
FN:132,(anonymous_7)
FNF:8
FNH:0
FNDA:0,(anonymous_0)
FNDA:0,(anonymous_1)
FNDA:0,(anonymous_2)
FNDA:0,(anonymous_3)
FNDA:0,(anonymous_4)
FNDA:0,(anonymous_5)
FNDA:0,(anonymous_6)
FNDA:0,(anonymous_7)
DA:28,0
DA:29,0
DA:40,0
DA:41,0
DA:42,0
DA:70,0
DA:71,0
DA:72,0
DA:80,0
DA:81,0
DA:82,0
DA:89,0
DA:90,0
DA:91,0
DA:98,0
DA:99,0
DA:100,0
DA:111,0
DA:112,0
DA:113,0
DA:131,0
DA:132,0
DA:134,0
DA:136,0
LF:24
LH:0
BRDA:143,0,0,0
BRDA:143,0,1,0
BRF:2
BRH:0
end_of_record
TN:
SF:src\navigation\index.ts
FNF:0
FNH:0
LF:0
LH:0
BRF:0
BRH:0
end_of_record
TN:
SF:src\types\navigation.ts
FNF:0
FNH:0
LF:0
LH:0
BRF:0
BRH:0
end_of_record
TN:
SF:src\utils\styleUtils.ts
FN:1,classNames
FNF:1
FNH:1
FNDA:25,classNames
DA:2,25
LF:1
LH:1
BRF:0
BRH:0
end_of_record
TN:
SF:src\utils\test-utils.tsx
FN:7,(anonymous_0)
FNF:1
FNH:1
FNDA:12,(anonymous_0)
DA:7,2
DA:8,12
LF:2
LH:2
BRF:0
BRH:0
end_of_record
